2021-06-15T11:26:33+00:00 CRITICAL Uncaught Error: Unknown named parameter $tasks_meta_id in C:\Users\Administrateur\Local Sites\ecommerce\app\public\wp-includes\class-wp-hook.php:292
Stack trace:
#0 C:\Users\Administrateur\Local Sites\ecommerce\app\public\wp-includes\class-wp-hook.php(316): WP_Hook->apply_filters('', Array)
#1 C:\Users\Administrateur\Local Sites\ecommerce\app\public\wp-includes\plugin.php(551): WP_Hook->do_action(Array)
#2 C:\Users\Administrateur\Local Sites\ecommerce\app\public\wp-content\plugins\woocommerce\packages\action-scheduler\classes\actions\ActionScheduler_Action.php(22): do_action_ref_array('wpforms_admin_n...', Array)
#3 C:\Users\Administrateur\Local Sites\ecommerce\app\public\wp-content\plugins\woocommerce\packages\action-scheduler\classes\abstracts\ActionScheduler_Abstract_QueueRunner.php(65): ActionScheduler_Action->execute()
#4 C:\Users\Administrateur\Local Sites\ecommerce\app\public\wp-content\plugins\woocommerce\packages\action-scheduler\classes\ActionScheduler_QueueRunner.php(162): ActionScheduler_Abstract_QueueRunner->process_action(22, 'WP Cron')
#5 C:\Users\Administrateur\Local Sites\ecommerce\app\public\wp-content\plugins\woocommerce\packages\action-scheduler\classes\ActionScheduler_QueueRunner.php(132): ActionScheduler_QueueRunner->do_batch(25, 'WP Cron')
#6 C:\Users\Administrateur\Local Sites\ecommerce\app\public\wp-includes\class-wp-hook.php(292): ActionScheduler_QueueRunner->run('WP Cron')
#7 C:\Users\Administrateur\Local Sites\ecommerce\app\public\wp-includes\class-wp-hook.php(316): WP_Hook->apply_filters('', Array)
#8 C:\Users\Administrateur\Local Sites\ecommerce\app\public\wp-includes\plugin.php(551): WP_Hook->do_action(Array)
#9 C:\Users\Administrateur\Local Sites\ecommerce\app\public\wp-cron.php(138): do_action_ref_array('action_schedule...', Array)
#10 {main}
  thrown in C:\Users\Administrateur\Local Sites\ecommerce\app\public\wp-includes\class-wp-hook.php on line 292

2021-06-15T11:27:50+00:00 CRITICAL Uncaught Error: Unknown named parameter $tasks_meta_id in C:\Users\Administrateur\Local Sites\ecommerce\app\public\wp-includes\class-wp-hook.php:292
Stack trace:
#0 C:\Users\Administrateur\Local Sites\ecommerce\app\public\wp-includes\class-wp-hook.php(316): WP_Hook->apply_filters('', Array)
#1 C:\Users\Administrateur\Local Sites\ecommerce\app\public\wp-includes\plugin.php(551): WP_Hook->do_action(Array)
#2 C:\Users\Administrateur\Local Sites\ecommerce\app\public\wp-content\plugins\woocommerce\packages\action-scheduler\classes\actions\ActionScheduler_Action.php(22): do_action_ref_array('wpforms_admin_n...', Array)
#3 C:\Users\Administrateur\Local Sites\ecommerce\app\public\wp-content\plugins\woocommerce\packages\action-scheduler\classes\abstracts\ActionScheduler_Abstract_QueueRunner.php(65): ActionScheduler_Action->execute()
#4 C:\Users\Administrateur\Local Sites\ecommerce\app\public\wp-content\plugins\woocommerce\packages\action-scheduler\classes\ActionScheduler_QueueRunner.php(162): ActionScheduler_Abstract_QueueRunner->process_action(23, 'WP Cron')
#5 C:\Users\Administrateur\Local Sites\ecommerce\app\public\wp-content\plugins\woocommerce\packages\action-scheduler\classes\ActionScheduler_QueueRunner.php(132): ActionScheduler_QueueRunner->do_batch(25, 'WP Cron')
#6 C:\Users\Administrateur\Local Sites\ecommerce\app\public\wp-includes\class-wp-hook.php(292): ActionScheduler_QueueRunner->run('WP Cron')
#7 C:\Users\Administrateur\Local Sites\ecommerce\app\public\wp-includes\class-wp-hook.php(316): WP_Hook->apply_filters('', Array)
#8 C:\Users\Administrateur\Local Sites\ecommerce\app\public\wp-includes\plugin.php(551): WP_Hook->do_action(Array)
#9 C:\Users\Administrateur\Local Sites\ecommerce\app\public\wp-cron.php(138): do_action_ref_array('action_schedule...', Array)
#10 {main}
  thrown in C:\Users\Administrateur\Local Sites\ecommerce\app\public\wp-includes\class-wp-hook.php on line 292

2021-06-15T11:30:12+00:00 CRITICAL Uncaught Error: Unknown named parameter $tasks_meta_id in C:\Users\Administrateur\Local Sites\ecommerce\app\public\wp-includes\class-wp-hook.php:292
Stack trace:
#0 C:\Users\Administrateur\Local Sites\ecommerce\app\public\wp-includes\class-wp-hook.php(316): WP_Hook->apply_filters('', Array)
#1 C:\Users\Administrateur\Local Sites\ecommerce\app\public\wp-includes\plugin.php(551): WP_Hook->do_action(Array)
#2 C:\Users\Administrateur\Local Sites\ecommerce\app\public\wp-content\plugins\woocommerce\packages\action-scheduler\classes\actions\ActionScheduler_Action.php(22): do_action_ref_array('wpforms_admin_n...', Array)
#3 C:\Users\Administrateur\Local Sites\ecommerce\app\public\wp-content\plugins\woocommerce\packages\action-scheduler\classes\abstracts\ActionScheduler_Abstract_QueueRunner.php(65): ActionScheduler_Action->execute()
#4 C:\Users\Administrateur\Local Sites\ecommerce\app\public\wp-content\plugins\woocommerce\packages\action-scheduler\classes\ActionScheduler_QueueRunner.php(162): ActionScheduler_Abstract_QueueRunner->process_action(24, 'WP Cron')
#5 C:\Users\Administrateur\Local Sites\ecommerce\app\public\wp-content\plugins\woocommerce\packages\action-scheduler\classes\ActionScheduler_QueueRunner.php(132): ActionScheduler_QueueRunner->do_batch(25, 'WP Cron')
#6 C:\Users\Administrateur\Local Sites\ecommerce\app\public\wp-includes\class-wp-hook.php(292): ActionScheduler_QueueRunner->run('WP Cron')
#7 C:\Users\Administrateur\Local Sites\ecommerce\app\public\wp-includes\class-wp-hook.php(316): WP_Hook->apply_filters('', Array)
#8 C:\Users\Administrateur\Local Sites\ecommerce\app\public\wp-includes\plugin.php(551): WP_Hook->do_action(Array)
#9 C:\Users\Administrateur\Local Sites\ecommerce\app\public\wp-cron.php(138): do_action_ref_array('action_schedule...', Array)
#10 {main}
  thrown in C:\Users\Administrateur\Local Sites\ecommerce\app\public\wp-includes\class-wp-hook.php on line 292

2021-06-15T11:31:18+00:00 CRITICAL Uncaught Error: Unknown named parameter $tasks_meta_id in C:\Users\Administrateur\Local Sites\ecommerce\app\public\wp-includes\class-wp-hook.php:292
Stack trace:
#0 C:\Users\Administrateur\Local Sites\ecommerce\app\public\wp-includes\class-wp-hook.php(316): WP_Hook->apply_filters('', Array)
#1 C:\Users\Administrateur\Local Sites\ecommerce\app\public\wp-includes\plugin.php(551): WP_Hook->do_action(Array)
#2 C:\Users\Administrateur\Local Sites\ecommerce\app\public\wp-content\plugins\woocommerce\packages\action-scheduler\classes\actions\ActionScheduler_Action.php(22): do_action_ref_array('wpforms_admin_n...', Array)
#3 C:\Users\Administrateur\Local Sites\ecommerce\app\public\wp-content\plugins\woocommerce\packages\action-scheduler\classes\abstracts\ActionScheduler_Abstract_QueueRunner.php(65): ActionScheduler_Action->execute()
#4 C:\Users\Administrateur\Local Sites\ecommerce\app\public\wp-content\plugins\woocommerce\packages\action-scheduler\classes\ActionScheduler_QueueRunner.php(162): ActionScheduler_Abstract_QueueRunner->process_action(25, 'WP Cron')
#5 C:\Users\Administrateur\Local Sites\ecommerce\app\public\wp-content\plugins\woocommerce\packages\action-scheduler\classes\ActionScheduler_QueueRunner.php(132): ActionScheduler_QueueRunner->do_batch(25, 'WP Cron')
#6 C:\Users\Administrateur\Local Sites\ecommerce\app\public\wp-includes\class-wp-hook.php(292): ActionScheduler_QueueRunner->run('WP Cron')
#7 C:\Users\Administrateur\Local Sites\ecommerce\app\public\wp-includes\class-wp-hook.php(316): WP_Hook->apply_filters('', Array)
#8 C:\Users\Administrateur\Local Sites\ecommerce\app\public\wp-includes\plugin.php(551): WP_Hook->do_action(Array)
#9 C:\Users\Administrateur\Local Sites\ecommerce\app\public\wp-cron.php(138): do_action_ref_array('action_schedule...', Array)
#10 {main}
  thrown in C:\Users\Administrateur\Local Sites\ecommerce\app\public\wp-includes\class-wp-hook.php on line 292

2021-06-15T11:33:07+00:00 CRITICAL Uncaught Error: Unknown named parameter $tasks_meta_id in C:\Users\Administrateur\Local Sites\ecommerce\app\public\wp-includes\class-wp-hook.php:292
Stack trace:
#0 C:\Users\Administrateur\Local Sites\ecommerce\app\public\wp-includes\class-wp-hook.php(316): WP_Hook->apply_filters('', Array)
#1 C:\Users\Administrateur\Local Sites\ecommerce\app\public\wp-includes\plugin.php(551): WP_Hook->do_action(Array)
#2 C:\Users\Administrateur\Local Sites\ecommerce\app\public\wp-content\plugins\woocommerce\packages\action-scheduler\classes\actions\ActionScheduler_Action.php(22): do_action_ref_array('wpforms_admin_n...', Array)
#3 C:\Users\Administrateur\Local Sites\ecommerce\app\public\wp-content\plugins\woocommerce\packages\action-scheduler\classes\abstracts\ActionScheduler_Abstract_QueueRunner.php(65): ActionScheduler_Action->execute()
#4 C:\Users\Administrateur\Local Sites\ecommerce\app\public\wp-content\plugins\woocommerce\packages\action-scheduler\classes\ActionScheduler_QueueRunner.php(162): ActionScheduler_Abstract_QueueRunner->process_action(26, 'WP Cron')
#5 C:\Users\Administrateur\Local Sites\ecommerce\app\public\wp-content\plugins\woocommerce\packages\action-scheduler\classes\ActionScheduler_QueueRunner.php(132): ActionScheduler_QueueRunner->do_batch(25, 'WP Cron')
#6 C:\Users\Administrateur\Local Sites\ecommerce\app\public\wp-includes\class-wp-hook.php(292): ActionScheduler_QueueRunner->run('WP Cron')
#7 C:\Users\Administrateur\Local Sites\ecommerce\app\public\wp-includes\class-wp-hook.php(316): WP_Hook->apply_filters('', Array)
#8 C:\Users\Administrateur\Local Sites\ecommerce\app\public\wp-includes\plugin.php(551): WP_Hook->do_action(Array)
#9 C:\Users\Administrateur\Local Sites\ecommerce\app\public\wp-cron.php(138): do_action_ref_array('action_schedule...', Array)
#10 {main}
  thrown in C:\Users\Administrateur\Local Sites\ecommerce\app\public\wp-includes\class-wp-hook.php on line 292

2021-06-15T11:35:50+00:00 CRITICAL Uncaught Error: Unknown named parameter $tasks_meta_id in C:\Users\Administrateur\Local Sites\ecommerce\app\public\wp-includes\class-wp-hook.php:292
Stack trace:
#0 C:\Users\Administrateur\Local Sites\ecommerce\app\public\wp-includes\class-wp-hook.php(316): WP_Hook->apply_filters('', Array)
#1 C:\Users\Administrateur\Local Sites\ecommerce\app\public\wp-includes\plugin.php(551): WP_Hook->do_action(Array)
#2 C:\Users\Administrateur\Local Sites\ecommerce\app\public\wp-content\plugins\woocommerce\packages\action-scheduler\classes\actions\ActionScheduler_Action.php(22): do_action_ref_array('wpforms_admin_n...', Array)
#3 C:\Users\Administrateur\Local Sites\ecommerce\app\public\wp-content\plugins\woocommerce\packages\action-scheduler\classes\abstracts\ActionScheduler_Abstract_QueueRunner.php(65): ActionScheduler_Action->execute()
#4 C:\Users\Administrateur\Local Sites\ecommerce\app\public\wp-content\plugins\woocommerce\packages\action-scheduler\classes\ActionScheduler_QueueRunner.php(162): ActionScheduler_Abstract_QueueRunner->process_action(27, 'WP Cron')
#5 C:\Users\Administrateur\Local Sites\ecommerce\app\public\wp-content\plugins\woocommerce\packages\action-scheduler\classes\ActionScheduler_QueueRunner.php(132): ActionScheduler_QueueRunner->do_batch(25, 'WP Cron')
#6 C:\Users\Administrateur\Local Sites\ecommerce\app\public\wp-includes\class-wp-hook.php(292): ActionScheduler_QueueRunner->run('WP Cron')
#7 C:\Users\Administrateur\Local Sites\ecommerce\app\public\wp-includes\class-wp-hook.php(316): WP_Hook->apply_filters('', Array)
#8 C:\Users\Administrateur\Local Sites\ecommerce\app\public\wp-includes\plugin.php(551): WP_Hook->do_action(Array)
#9 C:\Users\Administrateur\Local Sites\ecommerce\app\public\wp-cron.php(138): do_action_ref_array('action_schedule...', Array)
#10 {main}
  thrown in C:\Users\Administrateur\Local Sites\ecommerce\app\public\wp-includes\class-wp-hook.php on line 292

2021-06-15T11:36:56+00:00 CRITICAL Uncaught Error: Unknown named parameter $tasks_meta_id in C:\Users\Administrateur\Local Sites\ecommerce\app\public\wp-includes\class-wp-hook.php:292
Stack trace:
#0 C:\Users\Administrateur\Local Sites\ecommerce\app\public\wp-includes\class-wp-hook.php(316): WP_Hook->apply_filters('', Array)
#1 C:\Users\Administrateur\Local Sites\ecommerce\app\public\wp-includes\plugin.php(551): WP_Hook->do_action(Array)
#2 C:\Users\Administrateur\Local Sites\ecommerce\app\public\wp-content\plugins\woocommerce\packages\action-scheduler\classes\actions\ActionScheduler_Action.php(22): do_action_ref_array('wpforms_admin_n...', Array)
#3 C:\Users\Administrateur\Local Sites\ecommerce\app\public\wp-content\plugins\woocommerce\packages\action-scheduler\classes\abstracts\ActionScheduler_Abstract_QueueRunner.php(65): ActionScheduler_Action->execute()
#4 C:\Users\Administrateur\Local Sites\ecommerce\app\public\wp-content\plugins\woocommerce\packages\action-scheduler\classes\ActionScheduler_QueueRunner.php(162): ActionScheduler_Abstract_QueueRunner->process_action(28, 'WP Cron')
#5 C:\Users\Administrateur\Local Sites\ecommerce\app\public\wp-content\plugins\woocommerce\packages\action-scheduler\classes\ActionScheduler_QueueRunner.php(132): ActionScheduler_QueueRunner->do_batch(25, 'WP Cron')
#6 C:\Users\Administrateur\Local Sites\ecommerce\app\public\wp-includes\class-wp-hook.php(292): ActionScheduler_QueueRunner->run('WP Cron')
#7 C:\Users\Administrateur\Local Sites\ecommerce\app\public\wp-includes\class-wp-hook.php(316): WP_Hook->apply_filters('', Array)
#8 C:\Users\Administrateur\Local Sites\ecommerce\app\public\wp-includes\plugin.php(551): WP_Hook->do_action(Array)
#9 C:\Users\Administrateur\Local Sites\ecommerce\app\public\wp-cron.php(138): do_action_ref_array('action_schedule...', Array)
#10 {main}
  thrown in C:\Users\Administrateur\Local Sites\ecommerce\app\public\wp-includes\class-wp-hook.php on line 292

2021-06-15T11:37:57+00:00 CRITICAL Uncaught Error: Unknown named parameter $tasks_meta_id in C:\Users\Administrateur\Local Sites\ecommerce\app\public\wp-includes\class-wp-hook.php:292
Stack trace:
#0 C:\Users\Administrateur\Local Sites\ecommerce\app\public\wp-includes\class-wp-hook.php(316): WP_Hook->apply_filters('', Array)
#1 C:\Users\Administrateur\Local Sites\ecommerce\app\public\wp-includes\plugin.php(551): WP_Hook->do_action(Array)
#2 C:\Users\Administrateur\Local Sites\ecommerce\app\public\wp-content\plugins\woocommerce\packages\action-scheduler\classes\actions\ActionScheduler_Action.php(22): do_action_ref_array('wpforms_admin_n...', Array)
#3 C:\Users\Administrateur\Local Sites\ecommerce\app\public\wp-content\plugins\woocommerce\packages\action-scheduler\classes\abstracts\ActionScheduler_Abstract_QueueRunner.php(65): ActionScheduler_Action->execute()
#4 C:\Users\Administrateur\Local Sites\ecommerce\app\public\wp-content\plugins\woocommerce\packages\action-scheduler\classes\ActionScheduler_QueueRunner.php(162): ActionScheduler_Abstract_QueueRunner->process_action(29, 'WP Cron')
#5 C:\Users\Administrateur\Local Sites\ecommerce\app\public\wp-content\plugins\woocommerce\packages\action-scheduler\classes\ActionScheduler_QueueRunner.php(132): ActionScheduler_QueueRunner->do_batch(25, 'WP Cron')
#6 C:\Users\Administrateur\Local Sites\ecommerce\app\public\wp-includes\class-wp-hook.php(292): ActionScheduler_QueueRunner->run('WP Cron')
#7 C:\Users\Administrateur\Local Sites\ecommerce\app\public\wp-includes\class-wp-hook.php(316): WP_Hook->apply_filters('', Array)
#8 C:\Users\Administrateur\Local Sites\ecommerce\app\public\wp-includes\plugin.php(551): WP_Hook->do_action(Array)
#9 C:\Users\Administrateur\Local Sites\ecommerce\app\public\wp-cron.php(138): do_action_ref_array('action_schedule...', Array)
#10 {main}
  thrown in C:\Users\Administrateur\Local Sites\ecommerce\app\public\wp-includes\class-wp-hook.php on line 292

2021-06-15T11:40:16+00:00 CRITICAL Uncaught Error: Unknown named parameter $tasks_meta_id in C:\Users\Administrateur\Local Sites\ecommerce\app\public\wp-includes\class-wp-hook.php:292
Stack trace:
#0 C:\Users\Administrateur\Local Sites\ecommerce\app\public\wp-includes\class-wp-hook.php(316): WP_Hook->apply_filters('', Array)
#1 C:\Users\Administrateur\Local Sites\ecommerce\app\public\wp-includes\plugin.php(551): WP_Hook->do_action(Array)
#2 C:\Users\Administrateur\Local Sites\ecommerce\app\public\wp-content\plugins\woocommerce\packages\action-scheduler\classes\actions\ActionScheduler_Action.php(22): do_action_ref_array('wpforms_admin_n...', Array)
#3 C:\Users\Administrateur\Local Sites\ecommerce\app\public\wp-content\plugins\woocommerce\packages\action-scheduler\classes\abstracts\ActionScheduler_Abstract_QueueRunner.php(65): ActionScheduler_Action->execute()
#4 C:\Users\Administrateur\Local Sites\ecommerce\app\public\wp-content\plugins\woocommerce\packages\action-scheduler\classes\ActionScheduler_QueueRunner.php(162): ActionScheduler_Abstract_QueueRunner->process_action(30, 'Async Request')
#5 C:\Users\Administrateur\Local Sites\ecommerce\app\public\wp-content\plugins\woocommerce\packages\action-scheduler\classes\ActionScheduler_QueueRunner.php(132): ActionScheduler_QueueRunner->do_batch(25, 'Async Request')
#6 C:\Users\Administrateur\Local Sites\ecommerce\app\public\wp-includes\class-wp-hook.php(292): ActionScheduler_QueueRunner->run('Async Request')
#7 C:\Users\Administrateur\Local Sites\ecommerce\app\public\wp-includes\class-wp-hook.php(316): WP_Hook->apply_filters('', Array)
#8 C:\Users\Administrateur\Local Sites\ecommerce\app\public\wp-includes\plugin.php(484): WP_Hook->do_action(Array)
#9 C:\Users\Administrateur\Local Sites\ecommerce\app\public\wp-content\plugins\woocommerce\packages\action-scheduler\classes\ActionScheduler_AsyncRequest_QueueRunner.php(52): do_action('action_schedule...', 'Async Request')
#10 C:\Users\Administrateur\Local Sites\ecommerce\app\public\wp-content\plugins\woocommerce\includes\libraries\wp-async-request.php(147): ActionScheduler_AsyncRequest_QueueRunner->handle()
#11 C:\Users\Administrateur\Local Sites\ecommerce\app\public\wp-includes\class-wp-hook.php(292): WP_Async_Request->maybe_handle('')
#12 C:\Users\Administrateur\Local Sites\ecommerce\app\public\wp-includes\class-wp-hook.php(316): WP_Hook->apply_filters('', Array)
#13 C:\Users\Administrateur\Local Sites\ecommerce\app\public\wp-includes\plugin.php(484): WP_Hook->do_action(Array)
#14 C:\Users\Administrateur\Local Sites\ecommerce\app\public\wp-admin\admin-ajax.php(187): do_action('wp_ajax_as_asyn...')
#15 {main}
  thrown in C:\Users\Administrateur\Local Sites\ecommerce\app\public\wp-includes\class-wp-hook.php on line 292

2021-06-15T11:41:20+00:00 CRITICAL Uncaught Error: Unknown named parameter $tasks_meta_id in C:\Users\Administrateur\Local Sites\ecommerce\app\public\wp-includes\class-wp-hook.php:292
Stack trace:
#0 C:\Users\Administrateur\Local Sites\ecommerce\app\public\wp-includes\class-wp-hook.php(316): WP_Hook->apply_filters('', Array)
#1 C:\Users\Administrateur\Local Sites\ecommerce\app\public\wp-includes\plugin.php(551): WP_Hook->do_action(Array)
#2 C:\Users\Administrateur\Local Sites\ecommerce\app\public\wp-content\plugins\woocommerce\packages\action-scheduler\classes\actions\ActionScheduler_Action.php(22): do_action_ref_array('wpforms_admin_n...', Array)
#3 C:\Users\Administrateur\Local Sites\ecommerce\app\public\wp-content\plugins\woocommerce\packages\action-scheduler\classes\abstracts\ActionScheduler_Abstract_QueueRunner.php(65): ActionScheduler_Action->execute()
#4 C:\Users\Administrateur\Local Sites\ecommerce\app\public\wp-content\plugins\woocommerce\packages\action-scheduler\classes\ActionScheduler_QueueRunner.php(162): ActionScheduler_Abstract_QueueRunner->process_action(31, 'WP Cron')
#5 C:\Users\Administrateur\Local Sites\ecommerce\app\public\wp-content\plugins\woocommerce\packages\action-scheduler\classes\ActionScheduler_QueueRunner.php(132): ActionScheduler_QueueRunner->do_batch(25, 'WP Cron')
#6 C:\Users\Administrateur\Local Sites\ecommerce\app\public\wp-includes\class-wp-hook.php(292): ActionScheduler_QueueRunner->run('WP Cron')
#7 C:\Users\Administrateur\Local Sites\ecommerce\app\public\wp-includes\class-wp-hook.php(316): WP_Hook->apply_filters('', Array)
#8 C:\Users\Administrateur\Local Sites\ecommerce\app\public\wp-includes\plugin.php(551): WP_Hook->do_action(Array)
#9 C:\Users\Administrateur\Local Sites\ecommerce\app\public\wp-cron.php(138): do_action_ref_array('action_schedule...', Array)
#10 {main}
  thrown in C:\Users\Administrateur\Local Sites\ecommerce\app\public\wp-includes\class-wp-hook.php on line 292

2021-06-15T11:42:44+00:00 CRITICAL Uncaught Error: Unknown named parameter $tasks_meta_id in C:\Users\Administrateur\Local Sites\ecommerce\app\public\wp-includes\class-wp-hook.php:292
Stack trace:
#0 C:\Users\Administrateur\Local Sites\ecommerce\app\public\wp-includes\class-wp-hook.php(316): WP_Hook->apply_filters('', Array)
#1 C:\Users\Administrateur\Local Sites\ecommerce\app\public\wp-includes\plugin.php(551): WP_Hook->do_action(Array)
#2 C:\Users\Administrateur\Local Sites\ecommerce\app\public\wp-content\plugins\woocommerce\packages\action-scheduler\classes\actions\ActionScheduler_Action.php(22): do_action_ref_array('wpforms_admin_n...', Array)
#3 C:\Users\Administrateur\Local Sites\ecommerce\app\public\wp-content\plugins\woocommerce\packages\action-scheduler\classes\abstracts\ActionScheduler_Abstract_QueueRunner.php(65): ActionScheduler_Action->execute()
#4 C:\Users\Administrateur\Local Sites\ecommerce\app\public\wp-content\plugins\woocommerce\packages\action-scheduler\classes\ActionScheduler_QueueRunner.php(162): ActionScheduler_Abstract_QueueRunner->process_action(32, 'WP Cron')
#5 C:\Users\Administrateur\Local Sites\ecommerce\app\public\wp-content\plugins\woocommerce\packages\action-scheduler\classes\ActionScheduler_QueueRunner.php(132): ActionScheduler_QueueRunner->do_batch(25, 'WP Cron')
#6 C:\Users\Administrateur\Local Sites\ecommerce\app\public\wp-includes\class-wp-hook.php(292): ActionScheduler_QueueRunner->run('WP Cron')
#7 C:\Users\Administrateur\Local Sites\ecommerce\app\public\wp-includes\class-wp-hook.php(316): WP_Hook->apply_filters('', Array)
#8 C:\Users\Administrateur\Local Sites\ecommerce\app\public\wp-includes\plugin.php(551): WP_Hook->do_action(Array)
#9 C:\Users\Administrateur\Local Sites\ecommerce\app\public\wp-cron.php(138): do_action_ref_array('action_schedule...', Array)
#10 {main}
  thrown in C:\Users\Administrateur\Local Sites\ecommerce\app\public\wp-includes\class-wp-hook.php on line 292

2021-06-15T12:04:55+00:00 CRITICAL Uncaught Error: Unknown named parameter $tasks_meta_id in C:\Users\Administrateur\Local Sites\ecommerce\app\public\wp-includes\class-wp-hook.php:292
Stack trace:
#0 C:\Users\Administrateur\Local Sites\ecommerce\app\public\wp-includes\class-wp-hook.php(316): WP_Hook->apply_filters('', Array)
#1 C:\Users\Administrateur\Local Sites\ecommerce\app\public\wp-includes\plugin.php(551): WP_Hook->do_action(Array)
#2 C:\Users\Administrateur\Local Sites\ecommerce\app\public\wp-content\plugins\woocommerce\packages\action-scheduler\classes\actions\ActionScheduler_Action.php(22): do_action_ref_array('wpforms_admin_n...', Array)
#3 C:\Users\Administrateur\Local Sites\ecommerce\app\public\wp-content\plugins\woocommerce\packages\action-scheduler\classes\abstracts\ActionScheduler_Abstract_QueueRunner.php(65): ActionScheduler_Action->execute()
#4 C:\Users\Administrateur\Local Sites\ecommerce\app\public\wp-content\plugins\woocommerce\packages\action-scheduler\classes\ActionScheduler_QueueRunner.php(162): ActionScheduler_Abstract_QueueRunner->process_action(33, 'WP Cron')
#5 C:\Users\Administrateur\Local Sites\ecommerce\app\public\wp-content\plugins\woocommerce\packages\action-scheduler\classes\ActionScheduler_QueueRunner.php(132): ActionScheduler_QueueRunner->do_batch(25, 'WP Cron')
#6 C:\Users\Administrateur\Local Sites\ecommerce\app\public\wp-includes\class-wp-hook.php(292): ActionScheduler_QueueRunner->run('WP Cron')
#7 C:\Users\Administrateur\Local Sites\ecommerce\app\public\wp-includes\class-wp-hook.php(316): WP_Hook->apply_filters('', Array)
#8 C:\Users\Administrateur\Local Sites\ecommerce\app\public\wp-includes\plugin.php(551): WP_Hook->do_action(Array)
#9 C:\Users\Administrateur\Local Sites\ecommerce\app\public\wp-cron.php(138): do_action_ref_array('action_schedule...', Array)
#10 {main}
  thrown in C:\Users\Administrateur\Local Sites\ecommerce\app\public\wp-includes\class-wp-hook.php on line 292

2021-06-15T12:07:47+00:00 CRITICAL Uncaught Error: Unknown named parameter $tasks_meta_id in C:\Users\Administrateur\Local Sites\ecommerce\app\public\wp-includes\class-wp-hook.php:292
Stack trace:
#0 C:\Users\Administrateur\Local Sites\ecommerce\app\public\wp-includes\class-wp-hook.php(316): WP_Hook->apply_filters('', Array)
#1 C:\Users\Administrateur\Local Sites\ecommerce\app\public\wp-includes\plugin.php(551): WP_Hook->do_action(Array)
#2 C:\Users\Administrateur\Local Sites\ecommerce\app\public\wp-content\plugins\woocommerce\packages\action-scheduler\classes\actions\ActionScheduler_Action.php(22): do_action_ref_array('wpforms_admin_n...', Array)
#3 C:\Users\Administrateur\Local Sites\ecommerce\app\public\wp-content\plugins\woocommerce\packages\action-scheduler\classes\abstracts\ActionScheduler_Abstract_QueueRunner.php(65): ActionScheduler_Action->execute()
#4 C:\Users\Administrateur\Local Sites\ecommerce\app\public\wp-content\plugins\woocommerce\packages\action-scheduler\classes\ActionScheduler_QueueRunner.php(162): ActionScheduler_Abstract_QueueRunner->process_action(34, 'WP Cron')
#5 C:\Users\Administrateur\Local Sites\ecommerce\app\public\wp-content\plugins\woocommerce\packages\action-scheduler\classes\ActionScheduler_QueueRunner.php(132): ActionScheduler_QueueRunner->do_batch(25, 'WP Cron')
#6 C:\Users\Administrateur\Local Sites\ecommerce\app\public\wp-includes\class-wp-hook.php(292): ActionScheduler_QueueRunner->run('WP Cron')
#7 C:\Users\Administrateur\Local Sites\ecommerce\app\public\wp-includes\class-wp-hook.php(316): WP_Hook->apply_filters('', Array)
#8 C:\Users\Administrateur\Local Sites\ecommerce\app\public\wp-includes\plugin.php(551): WP_Hook->do_action(Array)
#9 C:\Users\Administrateur\Local Sites\ecommerce\app\public\wp-cron.php(138): do_action_ref_array('action_schedule...', Array)
#10 {main}
  thrown in C:\Users\Administrateur\Local Sites\ecommerce\app\public\wp-includes\class-wp-hook.php on line 292

2021-06-15T12:10:16+00:00 CRITICAL Uncaught Error: Unknown named parameter $tasks_meta_id in C:\Users\Administrateur\Local Sites\ecommerce\app\public\wp-includes\class-wp-hook.php:292
Stack trace:
#0 C:\Users\Administrateur\Local Sites\ecommerce\app\public\wp-includes\class-wp-hook.php(316): WP_Hook->apply_filters('', Array)
#1 C:\Users\Administrateur\Local Sites\ecommerce\app\public\wp-includes\plugin.php(551): WP_Hook->do_action(Array)
#2 C:\Users\Administrateur\Local Sites\ecommerce\app\public\wp-content\plugins\woocommerce\packages\action-scheduler\classes\actions\ActionScheduler_Action.php(22): do_action_ref_array('wpforms_admin_n...', Array)
#3 C:\Users\Administrateur\Local Sites\ecommerce\app\public\wp-content\plugins\woocommerce\packages\action-scheduler\classes\abstracts\ActionScheduler_Abstract_QueueRunner.php(65): ActionScheduler_Action->execute()
#4 C:\Users\Administrateur\Local Sites\ecommerce\app\public\wp-content\plugins\woocommerce\packages\action-scheduler\classes\ActionScheduler_QueueRunner.php(162): ActionScheduler_Abstract_QueueRunner->process_action(35, 'WP Cron')
#5 C:\Users\Administrateur\Local Sites\ecommerce\app\public\wp-content\plugins\woocommerce\packages\action-scheduler\classes\ActionScheduler_QueueRunner.php(132): ActionScheduler_QueueRunner->do_batch(25, 'WP Cron')
#6 C:\Users\Administrateur\Local Sites\ecommerce\app\public\wp-includes\class-wp-hook.php(292): ActionScheduler_QueueRunner->run('WP Cron')
#7 C:\Users\Administrateur\Local Sites\ecommerce\app\public\wp-includes\class-wp-hook.php(316): WP_Hook->apply_filters('', Array)
#8 C:\Users\Administrateur\Local Sites\ecommerce\app\public\wp-includes\plugin.php(551): WP_Hook->do_action(Array)
#9 C:\Users\Administrateur\Local Sites\ecommerce\app\public\wp-cron.php(138): do_action_ref_array('action_schedule...', Array)
#10 {main}
  thrown in C:\Users\Administrateur\Local Sites\ecommerce\app\public\wp-includes\class-wp-hook.php on line 292

2021-06-15T12:11:17+00:00 CRITICAL Uncaught Error: Unknown named parameter $tasks_meta_id in C:\Users\Administrateur\Local Sites\ecommerce\app\public\wp-includes\class-wp-hook.php:292
Stack trace:
#0 C:\Users\Administrateur\Local Sites\ecommerce\app\public\wp-includes\class-wp-hook.php(316): WP_Hook->apply_filters('', Array)
#1 C:\Users\Administrateur\Local Sites\ecommerce\app\public\wp-includes\plugin.php(551): WP_Hook->do_action(Array)
#2 C:\Users\Administrateur\Local Sites\ecommerce\app\public\wp-content\plugins\woocommerce\packages\action-scheduler\classes\actions\ActionScheduler_Action.php(22): do_action_ref_array('wpforms_admin_n...', Array)
#3 C:\Users\Administrateur\Local Sites\ecommerce\app\public\wp-content\plugins\woocommerce\packages\action-scheduler\classes\abstracts\ActionScheduler_Abstract_QueueRunner.php(65): ActionScheduler_Action->execute()
#4 C:\Users\Administrateur\Local Sites\ecommerce\app\public\wp-content\plugins\woocommerce\packages\action-scheduler\classes\ActionScheduler_QueueRunner.php(162): ActionScheduler_Abstract_QueueRunner->process_action(36, 'WP Cron')
#5 C:\Users\Administrateur\Local Sites\ecommerce\app\public\wp-content\plugins\woocommerce\packages\action-scheduler\classes\ActionScheduler_QueueRunner.php(132): ActionScheduler_QueueRunner->do_batch(25, 'WP Cron')
#6 C:\Users\Administrateur\Local Sites\ecommerce\app\public\wp-includes\class-wp-hook.php(292): ActionScheduler_QueueRunner->run('WP Cron')
#7 C:\Users\Administrateur\Local Sites\ecommerce\app\public\wp-includes\class-wp-hook.php(316): WP_Hook->apply_filters('', Array)
#8 C:\Users\Administrateur\Local Sites\ecommerce\app\public\wp-includes\plugin.php(551): WP_Hook->do_action(Array)
#9 C:\Users\Administrateur\Local Sites\ecommerce\app\public\wp-cron.php(138): do_action_ref_array('action_schedule...', Array)
#10 {main}
  thrown in C:\Users\Administrateur\Local Sites\ecommerce\app\public\wp-includes\class-wp-hook.php on line 292

2021-06-15T12:13:24+00:00 CRITICAL Uncaught Error: Unknown named parameter $tasks_meta_id in C:\Users\Administrateur\Local Sites\ecommerce\app\public\wp-includes\class-wp-hook.php:292
Stack trace:
#0 C:\Users\Administrateur\Local Sites\ecommerce\app\public\wp-includes\class-wp-hook.php(316): WP_Hook->apply_filters('', Array)
#1 C:\Users\Administrateur\Local Sites\ecommerce\app\public\wp-includes\plugin.php(551): WP_Hook->do_action(Array)
#2 C:\Users\Administrateur\Local Sites\ecommerce\app\public\wp-content\plugins\woocommerce\packages\action-scheduler\classes\actions\ActionScheduler_Action.php(22): do_action_ref_array('wpforms_admin_n...', Array)
#3 C:\Users\Administrateur\Local Sites\ecommerce\app\public\wp-content\plugins\woocommerce\packages\action-scheduler\classes\abstracts\ActionScheduler_Abstract_QueueRunner.php(65): ActionScheduler_Action->execute()
#4 C:\Users\Administrateur\Local Sites\ecommerce\app\public\wp-content\plugins\woocommerce\packages\action-scheduler\classes\ActionScheduler_QueueRunner.php(162): ActionScheduler_Abstract_QueueRunner->process_action(37, 'WP Cron')
#5 C:\Users\Administrateur\Local Sites\ecommerce\app\public\wp-content\plugins\woocommerce\packages\action-scheduler\classes\ActionScheduler_QueueRunner.php(132): ActionScheduler_QueueRunner->do_batch(25, 'WP Cron')
#6 C:\Users\Administrateur\Local Sites\ecommerce\app\public\wp-includes\class-wp-hook.php(292): ActionScheduler_QueueRunner->run('WP Cron')
#7 C:\Users\Administrateur\Local Sites\ecommerce\app\public\wp-includes\class-wp-hook.php(316): WP_Hook->apply_filters('', Array)
#8 C:\Users\Administrateur\Local Sites\ecommerce\app\public\wp-includes\plugin.php(551): WP_Hook->do_action(Array)
#9 C:\Users\Administrateur\Local Sites\ecommerce\app\public\wp-cron.php(138): do_action_ref_array('action_schedule...', Array)
#10 {main}
  thrown in C:\Users\Administrateur\Local Sites\ecommerce\app\public\wp-includes\class-wp-hook.php on line 292

2021-06-15T12:14:22+00:00 CRITICAL Uncaught Error: Unknown named parameter $tasks_meta_id in C:\Users\Administrateur\Local Sites\ecommerce\app\public\wp-includes\class-wp-hook.php:292
Stack trace:
#0 C:\Users\Administrateur\Local Sites\ecommerce\app\public\wp-includes\class-wp-hook.php(316): WP_Hook->apply_filters('', Array)
#1 C:\Users\Administrateur\Local Sites\ecommerce\app\public\wp-includes\plugin.php(551): WP_Hook->do_action(Array)
#2 C:\Users\Administrateur\Local Sites\ecommerce\app\public\wp-content\plugins\woocommerce\packages\action-scheduler\classes\actions\ActionScheduler_Action.php(22): do_action_ref_array('wpforms_admin_n...', Array)
#3 C:\Users\Administrateur\Local Sites\ecommerce\app\public\wp-content\plugins\woocommerce\packages\action-scheduler\classes\abstracts\ActionScheduler_Abstract_QueueRunner.php(65): ActionScheduler_Action->execute()
#4 C:\Users\Administrateur\Local Sites\ecommerce\app\public\wp-content\plugins\woocommerce\packages\action-scheduler\classes\ActionScheduler_QueueRunner.php(162): ActionScheduler_Abstract_QueueRunner->process_action(38, 'WP Cron')
#5 C:\Users\Administrateur\Local Sites\ecommerce\app\public\wp-content\plugins\woocommerce\packages\action-scheduler\classes\ActionScheduler_QueueRunner.php(132): ActionScheduler_QueueRunner->do_batch(25, 'WP Cron')
#6 C:\Users\Administrateur\Local Sites\ecommerce\app\public\wp-includes\class-wp-hook.php(292): ActionScheduler_QueueRunner->run('WP Cron')
#7 C:\Users\Administrateur\Local Sites\ecommerce\app\public\wp-includes\class-wp-hook.php(316): WP_Hook->apply_filters('', Array)
#8 C:\Users\Administrateur\Local Sites\ecommerce\app\public\wp-includes\plugin.php(551): WP_Hook->do_action(Array)
#9 C:\Users\Administrateur\Local Sites\ecommerce\app\public\wp-cron.php(138): do_action_ref_array('action_schedule...', Array)
#10 {main}
  thrown in C:\Users\Administrateur\Local Sites\ecommerce\app\public\wp-includes\class-wp-hook.php on line 292

2021-06-15T12:16:39+00:00 CRITICAL Uncaught Error: Unknown named parameter $tasks_meta_id in C:\Users\Administrateur\Local Sites\ecommerce\app\public\wp-includes\class-wp-hook.php:292
Stack trace:
#0 C:\Users\Administrateur\Local Sites\ecommerce\app\public\wp-includes\class-wp-hook.php(316): WP_Hook->apply_filters('', Array)
#1 C:\Users\Administrateur\Local Sites\ecommerce\app\public\wp-includes\plugin.php(551): WP_Hook->do_action(Array)
#2 C:\Users\Administrateur\Local Sites\ecommerce\app\public\wp-content\plugins\woocommerce\packages\action-scheduler\classes\actions\ActionScheduler_Action.php(22): do_action_ref_array('wpforms_admin_n...', Array)
#3 C:\Users\Administrateur\Local Sites\ecommerce\app\public\wp-content\plugins\woocommerce\packages\action-scheduler\classes\abstracts\ActionScheduler_Abstract_QueueRunner.php(65): ActionScheduler_Action->execute()
#4 C:\Users\Administrateur\Local Sites\ecommerce\app\public\wp-content\plugins\woocommerce\packages\action-scheduler\classes\ActionScheduler_QueueRunner.php(162): ActionScheduler_Abstract_QueueRunner->process_action(40, 'WP Cron')
#5 C:\Users\Administrateur\Local Sites\ecommerce\app\public\wp-content\plugins\woocommerce\packages\action-scheduler\classes\ActionScheduler_QueueRunner.php(132): ActionScheduler_QueueRunner->do_batch(25, 'WP Cron')
#6 C:\Users\Administrateur\Local Sites\ecommerce\app\public\wp-includes\class-wp-hook.php(292): ActionScheduler_QueueRunner->run('WP Cron')
#7 C:\Users\Administrateur\Local Sites\ecommerce\app\public\wp-includes\class-wp-hook.php(316): WP_Hook->apply_filters('', Array)
#8 C:\Users\Administrateur\Local Sites\ecommerce\app\public\wp-includes\plugin.php(551): WP_Hook->do_action(Array)
#9 C:\Users\Administrateur\Local Sites\ecommerce\app\public\wp-cron.php(138): do_action_ref_array('action_schedule...', Array)
#10 {main}
  thrown in C:\Users\Administrateur\Local Sites\ecommerce\app\public\wp-includes\class-wp-hook.php on line 292

2021-06-15T12:19:07+00:00 CRITICAL Uncaught Error: Unknown named parameter $tasks_meta_id in C:\Users\Administrateur\Local Sites\ecommerce\app\public\wp-includes\class-wp-hook.php:292
Stack trace:
#0 C:\Users\Administrateur\Local Sites\ecommerce\app\public\wp-includes\class-wp-hook.php(316): WP_Hook->apply_filters('', Array)
#1 C:\Users\Administrateur\Local Sites\ecommerce\app\public\wp-includes\plugin.php(551): WP_Hook->do_action(Array)
#2 C:\Users\Administrateur\Local Sites\ecommerce\app\public\wp-content\plugins\woocommerce\packages\action-scheduler\classes\actions\ActionScheduler_Action.php(22): do_action_ref_array('wpforms_admin_n...', Array)
#3 C:\Users\Administrateur\Local Sites\ecommerce\app\public\wp-content\plugins\woocommerce\packages\action-scheduler\classes\abstracts\ActionScheduler_Abstract_QueueRunner.php(65): ActionScheduler_Action->execute()
#4 C:\Users\Administrateur\Local Sites\ecommerce\app\public\wp-content\plugins\woocommerce\packages\action-scheduler\classes\ActionScheduler_QueueRunner.php(162): ActionScheduler_Abstract_QueueRunner->process_action(42, 'WP Cron')
#5 C:\Users\Administrateur\Local Sites\ecommerce\app\public\wp-content\plugins\woocommerce\packages\action-scheduler\classes\ActionScheduler_QueueRunner.php(132): ActionScheduler_QueueRunner->do_batch(25, 'WP Cron')
#6 C:\Users\Administrateur\Local Sites\ecommerce\app\public\wp-includes\class-wp-hook.php(292): ActionScheduler_QueueRunner->run('WP Cron')
#7 C:\Users\Administrateur\Local Sites\ecommerce\app\public\wp-includes\class-wp-hook.php(316): WP_Hook->apply_filters('', Array)
#8 C:\Users\Administrateur\Local Sites\ecommerce\app\public\wp-includes\plugin.php(551): WP_Hook->do_action(Array)
#9 C:\Users\Administrateur\Local Sites\ecommerce\app\public\wp-cron.php(138): do_action_ref_array('action_schedule...', Array)
#10 {main}
  thrown in C:\Users\Administrateur\Local Sites\ecommerce\app\public\wp-includes\class-wp-hook.php on line 292

2021-06-15T12:21:43+00:00 CRITICAL Uncaught Error: Unknown named parameter $tasks_meta_id in C:\Users\Administrateur\Local Sites\ecommerce\app\public\wp-includes\class-wp-hook.php:292
Stack trace:
#0 C:\Users\Administrateur\Local Sites\ecommerce\app\public\wp-includes\class-wp-hook.php(316): WP_Hook->apply_filters('', Array)
#1 C:\Users\Administrateur\Local Sites\ecommerce\app\public\wp-includes\plugin.php(551): WP_Hook->do_action(Array)
#2 C:\Users\Administrateur\Local Sites\ecommerce\app\public\wp-content\plugins\woocommerce\packages\action-scheduler\classes\actions\ActionScheduler_Action.php(22): do_action_ref_array('wpforms_admin_n...', Array)
#3 C:\Users\Administrateur\Local Sites\ecommerce\app\public\wp-content\plugins\woocommerce\packages\action-scheduler\classes\abstracts\ActionScheduler_Abstract_QueueRunner.php(65): ActionScheduler_Action->execute()
#4 C:\Users\Administrateur\Local Sites\ecommerce\app\public\wp-content\plugins\woocommerce\packages\action-scheduler\classes\ActionScheduler_QueueRunner.php(162): ActionScheduler_Abstract_QueueRunner->process_action(43, 'WP Cron')
#5 C:\Users\Administrateur\Local Sites\ecommerce\app\public\wp-content\plugins\woocommerce\packages\action-scheduler\classes\ActionScheduler_QueueRunner.php(132): ActionScheduler_QueueRunner->do_batch(25, 'WP Cron')
#6 C:\Users\Administrateur\Local Sites\ecommerce\app\public\wp-includes\class-wp-hook.php(292): ActionScheduler_QueueRunner->run('WP Cron')
#7 C:\Users\Administrateur\Local Sites\ecommerce\app\public\wp-includes\class-wp-hook.php(316): WP_Hook->apply_filters('', Array)
#8 C:\Users\Administrateur\Local Sites\ecommerce\app\public\wp-includes\plugin.php(551): WP_Hook->do_action(Array)
#9 C:\Users\Administrateur\Local Sites\ecommerce\app\public\wp-cron.php(138): do_action_ref_array('action_schedule...', Array)
#10 {main}
  thrown in C:\Users\Administrateur\Local Sites\ecommerce\app\public\wp-includes\class-wp-hook.php on line 292

2021-06-15T12:26:15+00:00 CRITICAL Uncaught Error: Unknown named parameter $tasks_meta_id in C:\Users\Administrateur\Local Sites\ecommerce\app\public\wp-includes\class-wp-hook.php:292
Stack trace:
#0 C:\Users\Administrateur\Local Sites\ecommerce\app\public\wp-includes\class-wp-hook.php(316): WP_Hook->apply_filters('', Array)
#1 C:\Users\Administrateur\Local Sites\ecommerce\app\public\wp-includes\plugin.php(551): WP_Hook->do_action(Array)
#2 C:\Users\Administrateur\Local Sites\ecommerce\app\public\wp-content\plugins\woocommerce\packages\action-scheduler\classes\actions\ActionScheduler_Action.php(22): do_action_ref_array('wpforms_admin_n...', Array)
#3 C:\Users\Administrateur\Local Sites\ecommerce\app\public\wp-content\plugins\woocommerce\packages\action-scheduler\classes\abstracts\ActionScheduler_Abstract_QueueRunner.php(65): ActionScheduler_Action->execute()
#4 C:\Users\Administrateur\Local Sites\ecommerce\app\public\wp-content\plugins\woocommerce\packages\action-scheduler\classes\ActionScheduler_QueueRunner.php(162): ActionScheduler_Abstract_QueueRunner->process_action(44, 'WP Cron')
#5 C:\Users\Administrateur\Local Sites\ecommerce\app\public\wp-content\plugins\woocommerce\packages\action-scheduler\classes\ActionScheduler_QueueRunner.php(132): ActionScheduler_QueueRunner->do_batch(25, 'WP Cron')
#6 C:\Users\Administrateur\Local Sites\ecommerce\app\public\wp-includes\class-wp-hook.php(292): ActionScheduler_QueueRunner->run('WP Cron')
#7 C:\Users\Administrateur\Local Sites\ecommerce\app\public\wp-includes\class-wp-hook.php(316): WP_Hook->apply_filters('', Array)
#8 C:\Users\Administrateur\Local Sites\ecommerce\app\public\wp-includes\plugin.php(551): WP_Hook->do_action(Array)
#9 C:\Users\Administrateur\Local Sites\ecommerce\app\public\wp-cron.php(138): do_action_ref_array('action_schedule...', Array)
#10 {main}
  thrown in C:\Users\Administrateur\Local Sites\ecommerce\app\public\wp-includes\class-wp-hook.php on line 292

2021-06-15T12:55:07+00:00 CRITICAL Uncaught Error: Unknown named parameter $tasks_meta_id in C:\Users\Administrateur\Local Sites\ecommerce\app\public\wp-includes\class-wp-hook.php:292
Stack trace:
#0 C:\Users\Administrateur\Local Sites\ecommerce\app\public\wp-includes\class-wp-hook.php(316): WP_Hook->apply_filters('', Array)
#1 C:\Users\Administrateur\Local Sites\ecommerce\app\public\wp-includes\plugin.php(551): WP_Hook->do_action(Array)
#2 C:\Users\Administrateur\Local Sites\ecommerce\app\public\wp-content\plugins\woocommerce\packages\action-scheduler\classes\actions\ActionScheduler_Action.php(22): do_action_ref_array('wpforms_admin_n...', Array)
#3 C:\Users\Administrateur\Local Sites\ecommerce\app\public\wp-content\plugins\woocommerce\packages\action-scheduler\classes\abstracts\ActionScheduler_Abstract_QueueRunner.php(65): ActionScheduler_Action->execute()
#4 C:\Users\Administrateur\Local Sites\ecommerce\app\public\wp-content\plugins\woocommerce\packages\action-scheduler\classes\ActionScheduler_QueueRunner.php(162): ActionScheduler_Abstract_QueueRunner->process_action(45, 'WP Cron')
#5 C:\Users\Administrateur\Local Sites\ecommerce\app\public\wp-content\plugins\woocommerce\packages\action-scheduler\classes\ActionScheduler_QueueRunner.php(132): ActionScheduler_QueueRunner->do_batch(25, 'WP Cron')
#6 C:\Users\Administrateur\Local Sites\ecommerce\app\public\wp-includes\class-wp-hook.php(292): ActionScheduler_QueueRunner->run('WP Cron')
#7 C:\Users\Administrateur\Local Sites\ecommerce\app\public\wp-includes\class-wp-hook.php(316): WP_Hook->apply_filters('', Array)
#8 C:\Users\Administrateur\Local Sites\ecommerce\app\public\wp-includes\plugin.php(551): WP_Hook->do_action(Array)
#9 C:\Users\Administrateur\Local Sites\ecommerce\app\public\wp-cron.php(138): do_action_ref_array('action_schedule...', Array)
#10 {main}
  thrown in C:\Users\Administrateur\Local Sites\ecommerce\app\public\wp-includes\class-wp-hook.php on line 292

2021-06-15T12:55:48+00:00 CRITICAL Uncaught Error: Unknown named parameter $tasks_meta_id in C:\Users\Administrateur\Local Sites\ecommerce\app\public\wp-includes\class-wp-hook.php:292
Stack trace:
#0 C:\Users\Administrateur\Local Sites\ecommerce\app\public\wp-includes\class-wp-hook.php(316): WP_Hook->apply_filters('', Array)
#1 C:\Users\Administrateur\Local Sites\ecommerce\app\public\wp-includes\plugin.php(551): WP_Hook->do_action(Array)
#2 C:\Users\Administrateur\Local Sites\ecommerce\app\public\wp-content\plugins\woocommerce\packages\action-scheduler\classes\actions\ActionScheduler_Action.php(22): do_action_ref_array('wpforms_admin_n...', Array)
#3 C:\Users\Administrateur\Local Sites\ecommerce\app\public\wp-content\plugins\woocommerce\packages\action-scheduler\classes\abstracts\ActionScheduler_Abstract_QueueRunner.php(65): ActionScheduler_Action->execute()
#4 C:\Users\Administrateur\Local Sites\ecommerce\app\public\wp-content\plugins\woocommerce\packages\action-scheduler\classes\ActionScheduler_QueueRunner.php(162): ActionScheduler_Abstract_QueueRunner->process_action(46, 'Async Request')
#5 C:\Users\Administrateur\Local Sites\ecommerce\app\public\wp-content\plugins\woocommerce\packages\action-scheduler\classes\ActionScheduler_QueueRunner.php(132): ActionScheduler_QueueRunner->do_batch(25, 'Async Request')
#6 C:\Users\Administrateur\Local Sites\ecommerce\app\public\wp-includes\class-wp-hook.php(292): ActionScheduler_QueueRunner->run('Async Request')
#7 C:\Users\Administrateur\Local Sites\ecommerce\app\public\wp-includes\class-wp-hook.php(316): WP_Hook->apply_filters('', Array)
#8 C:\Users\Administrateur\Local Sites\ecommerce\app\public\wp-includes\plugin.php(484): WP_Hook->do_action(Array)
#9 C:\Users\Administrateur\Local Sites\ecommerce\app\public\wp-content\plugins\woocommerce\packages\action-scheduler\classes\ActionScheduler_AsyncRequest_QueueRunner.php(52): do_action('action_schedule...', 'Async Request')
#10 C:\Users\Administrateur\Local Sites\ecommerce\app\public\wp-content\plugins\woocommerce\includes\libraries\wp-async-request.php(147): ActionScheduler_AsyncRequest_QueueRunner->handle()
#11 C:\Users\Administrateur\Local Sites\ecommerce\app\public\wp-includes\class-wp-hook.php(292): WP_Async_Request->maybe_handle('')
#12 C:\Users\Administrateur\Local Sites\ecommerce\app\public\wp-includes\class-wp-hook.php(316): WP_Hook->apply_filters('', Array)
#13 C:\Users\Administrateur\Local Sites\ecommerce\app\public\wp-includes\plugin.php(484): WP_Hook->do_action(Array)
#14 C:\Users\Administrateur\Local Sites\ecommerce\app\public\wp-admin\admin-ajax.php(187): do_action('wp_ajax_as_asyn...')
#15 {main}
  thrown in C:\Users\Administrateur\Local Sites\ecommerce\app\public\wp-includes\class-wp-hook.php on line 292

2021-06-15T12:58:24+00:00 CRITICAL Uncaught Error: Unknown named parameter $tasks_meta_id in C:\Users\Administrateur\Local Sites\ecommerce\app\public\wp-includes\class-wp-hook.php:292
Stack trace:
#0 C:\Users\Administrateur\Local Sites\ecommerce\app\public\wp-includes\class-wp-hook.php(316): WP_Hook->apply_filters('', Array)
#1 C:\Users\Administrateur\Local Sites\ecommerce\app\public\wp-includes\plugin.php(551): WP_Hook->do_action(Array)
#2 C:\Users\Administrateur\Local Sites\ecommerce\app\public\wp-content\plugins\woocommerce\packages\action-scheduler\classes\actions\ActionScheduler_Action.php(22): do_action_ref_array('wpforms_admin_n...', Array)
#3 C:\Users\Administrateur\Local Sites\ecommerce\app\public\wp-content\plugins\woocommerce\packages\action-scheduler\classes\abstracts\ActionScheduler_Abstract_QueueRunner.php(65): ActionScheduler_Action->execute()
#4 C:\Users\Administrateur\Local Sites\ecommerce\app\public\wp-content\plugins\woocommerce\packages\action-scheduler\classes\ActionScheduler_QueueRunner.php(162): ActionScheduler_Abstract_QueueRunner->process_action(47, 'WP Cron')
#5 C:\Users\Administrateur\Local Sites\ecommerce\app\public\wp-content\plugins\woocommerce\packages\action-scheduler\classes\ActionScheduler_QueueRunner.php(132): ActionScheduler_QueueRunner->do_batch(25, 'WP Cron')
#6 C:\Users\Administrateur\Local Sites\ecommerce\app\public\wp-includes\class-wp-hook.php(292): ActionScheduler_QueueRunner->run('WP Cron')
#7 C:\Users\Administrateur\Local Sites\ecommerce\app\public\wp-includes\class-wp-hook.php(316): WP_Hook->apply_filters('', Array)
#8 C:\Users\Administrateur\Local Sites\ecommerce\app\public\wp-includes\plugin.php(551): WP_Hook->do_action(Array)
#9 C:\Users\Administrateur\Local Sites\ecommerce\app\public\wp-cron.php(138): do_action_ref_array('action_schedule...', Array)
#10 {main}
  thrown in C:\Users\Administrateur\Local Sites\ecommerce\app\public\wp-includes\class-wp-hook.php on line 292

2021-06-15T13:17:13+00:00 CRITICAL Uncaught Error: Unknown named parameter $tasks_meta_id in C:\Users\Administrateur\Local Sites\ecommerce\app\public\wp-includes\class-wp-hook.php:292
Stack trace:
#0 C:\Users\Administrateur\Local Sites\ecommerce\app\public\wp-includes\class-wp-hook.php(316): WP_Hook->apply_filters('', Array)
#1 C:\Users\Administrateur\Local Sites\ecommerce\app\public\wp-includes\plugin.php(551): WP_Hook->do_action(Array)
#2 C:\Users\Administrateur\Local Sites\ecommerce\app\public\wp-content\plugins\woocommerce\packages\action-scheduler\classes\actions\ActionScheduler_Action.php(22): do_action_ref_array('wpforms_admin_n...', Array)
#3 C:\Users\Administrateur\Local Sites\ecommerce\app\public\wp-content\plugins\woocommerce\packages\action-scheduler\classes\abstracts\ActionScheduler_Abstract_QueueRunner.php(65): ActionScheduler_Action->execute()
#4 C:\Users\Administrateur\Local Sites\ecommerce\app\public\wp-content\plugins\woocommerce\packages\action-scheduler\classes\ActionScheduler_QueueRunner.php(162): ActionScheduler_Abstract_QueueRunner->process_action(48, 'WP Cron')
#5 C:\Users\Administrateur\Local Sites\ecommerce\app\public\wp-content\plugins\woocommerce\packages\action-scheduler\classes\ActionScheduler_QueueRunner.php(132): ActionScheduler_QueueRunner->do_batch(25, 'WP Cron')
#6 C:\Users\Administrateur\Local Sites\ecommerce\app\public\wp-includes\class-wp-hook.php(292): ActionScheduler_QueueRunner->run('WP Cron')
#7 C:\Users\Administrateur\Local Sites\ecommerce\app\public\wp-includes\class-wp-hook.php(316): WP_Hook->apply_filters('', Array)
#8 C:\Users\Administrateur\Local Sites\ecommerce\app\public\wp-includes\plugin.php(551): WP_Hook->do_action(Array)
#9 C:\Users\Administrateur\Local Sites\ecommerce\app\public\wp-cron.php(138): do_action_ref_array('action_schedule...', Array)
#10 {main}
  thrown in C:\Users\Administrateur\Local Sites\ecommerce\app\public\wp-includes\class-wp-hook.php on line 292

2021-06-15T13:20:25+00:00 CRITICAL Uncaught Error: Unknown named parameter $tasks_meta_id in C:\Users\Administrateur\Local Sites\ecommerce\app\public\wp-includes\class-wp-hook.php:292
Stack trace:
#0 C:\Users\Administrateur\Local Sites\ecommerce\app\public\wp-includes\class-wp-hook.php(316): WP_Hook->apply_filters('', Array)
#1 C:\Users\Administrateur\Local Sites\ecommerce\app\public\wp-includes\plugin.php(551): WP_Hook->do_action(Array)
#2 C:\Users\Administrateur\Local Sites\ecommerce\app\public\wp-content\plugins\woocommerce\packages\action-scheduler\classes\actions\ActionScheduler_Action.php(22): do_action_ref_array('wpforms_admin_n...', Array)
#3 C:\Users\Administrateur\Local Sites\ecommerce\app\public\wp-content\plugins\woocommerce\packages\action-scheduler\classes\abstracts\ActionScheduler_Abstract_QueueRunner.php(65): ActionScheduler_Action->execute()
#4 C:\Users\Administrateur\Local Sites\ecommerce\app\public\wp-content\plugins\woocommerce\packages\action-scheduler\classes\ActionScheduler_QueueRunner.php(162): ActionScheduler_Abstract_QueueRunner->process_action(49, 'Async Request')
#5 C:\Users\Administrateur\Local Sites\ecommerce\app\public\wp-content\plugins\woocommerce\packages\action-scheduler\classes\ActionScheduler_QueueRunner.php(132): ActionScheduler_QueueRunner->do_batch(25, 'Async Request')
#6 C:\Users\Administrateur\Local Sites\ecommerce\app\public\wp-includes\class-wp-hook.php(292): ActionScheduler_QueueRunner->run('Async Request')
#7 C:\Users\Administrateur\Local Sites\ecommerce\app\public\wp-includes\class-wp-hook.php(316): WP_Hook->apply_filters('', Array)
#8 C:\Users\Administrateur\Local Sites\ecommerce\app\public\wp-includes\plugin.php(484): WP_Hook->do_action(Array)
#9 C:\Users\Administrateur\Local Sites\ecommerce\app\public\wp-content\plugins\woocommerce\packages\action-scheduler\classes\ActionScheduler_AsyncRequest_QueueRunner.php(52): do_action('action_schedule...', 'Async Request')
#10 C:\Users\Administrateur\Local Sites\ecommerce\app\public\wp-content\plugins\woocommerce\includes\libraries\wp-async-request.php(147): ActionScheduler_AsyncRequest_QueueRunner->handle()
#11 C:\Users\Administrateur\Local Sites\ecommerce\app\public\wp-includes\class-wp-hook.php(292): WP_Async_Request->maybe_handle('')
#12 C:\Users\Administrateur\Local Sites\ecommerce\app\public\wp-includes\class-wp-hook.php(316): WP_Hook->apply_filters('', Array)
#13 C:\Users\Administrateur\Local Sites\ecommerce\app\public\wp-includes\plugin.php(484): WP_Hook->do_action(Array)
#14 C:\Users\Administrateur\Local Sites\ecommerce\app\public\wp-admin\admin-ajax.php(187): do_action('wp_ajax_as_asyn...')
#15 {main}
  thrown in C:\Users\Administrateur\Local Sites\ecommerce\app\public\wp-includes\class-wp-hook.php on line 292

2021-06-15T13:26:14+00:00 CRITICAL Uncaught Error: Unknown named parameter $tasks_meta_id in C:\Users\Administrateur\Local Sites\ecommerce\app\public\wp-includes\class-wp-hook.php:292
Stack trace:
#0 C:\Users\Administrateur\Local Sites\ecommerce\app\public\wp-includes\class-wp-hook.php(316): WP_Hook->apply_filters('', Array)
#1 C:\Users\Administrateur\Local Sites\ecommerce\app\public\wp-includes\plugin.php(551): WP_Hook->do_action(Array)
#2 C:\Users\Administrateur\Local Sites\ecommerce\app\public\wp-content\plugins\woocommerce\packages\action-scheduler\classes\actions\ActionScheduler_Action.php(22): do_action_ref_array('wpforms_admin_n...', Array)
#3 C:\Users\Administrateur\Local Sites\ecommerce\app\public\wp-content\plugins\woocommerce\packages\action-scheduler\classes\abstracts\ActionScheduler_Abstract_QueueRunner.php(65): ActionScheduler_Action->execute()
#4 C:\Users\Administrateur\Local Sites\ecommerce\app\public\wp-content\plugins\woocommerce\packages\action-scheduler\classes\ActionScheduler_QueueRunner.php(162): ActionScheduler_Abstract_QueueRunner->process_action(50, 'Async Request')
#5 C:\Users\Administrateur\Local Sites\ecommerce\app\public\wp-content\plugins\woocommerce\packages\action-scheduler\classes\ActionScheduler_QueueRunner.php(132): ActionScheduler_QueueRunner->do_batch(25, 'Async Request')
#6 C:\Users\Administrateur\Local Sites\ecommerce\app\public\wp-includes\class-wp-hook.php(292): ActionScheduler_QueueRunner->run('Async Request')
#7 C:\Users\Administrateur\Local Sites\ecommerce\app\public\wp-includes\class-wp-hook.php(316): WP_Hook->apply_filters('', Array)
#8 C:\Users\Administrateur\Local Sites\ecommerce\app\public\wp-includes\plugin.php(484): WP_Hook->do_action(Array)
#9 C:\Users\Administrateur\Local Sites\ecommerce\app\public\wp-content\plugins\woocommerce\packages\action-scheduler\classes\ActionScheduler_AsyncRequest_QueueRunner.php(52): do_action('action_schedule...', 'Async Request')
#10 C:\Users\Administrateur\Local Sites\ecommerce\app\public\wp-content\plugins\woocommerce\includes\libraries\wp-async-request.php(147): ActionScheduler_AsyncRequest_QueueRunner->handle()
#11 C:\Users\Administrateur\Local Sites\ecommerce\app\public\wp-includes\class-wp-hook.php(292): WP_Async_Request->maybe_handle('')
#12 C:\Users\Administrateur\Local Sites\ecommerce\app\public\wp-includes\class-wp-hook.php(316): WP_Hook->apply_filters('', Array)
#13 C:\Users\Administrateur\Local Sites\ecommerce\app\public\wp-includes\plugin.php(484): WP_Hook->do_action(Array)
#14 C:\Users\Administrateur\Local Sites\ecommerce\app\public\wp-admin\admin-ajax.php(187): do_action('wp_ajax_as_asyn...')
#15 {main}
  thrown in C:\Users\Administrateur\Local Sites\ecommerce\app\public\wp-includes\class-wp-hook.php on line 292

2021-06-15T13:27:05+00:00 CRITICAL Uncaught Error: Unknown named parameter $tasks_meta_id in C:\Users\Administrateur\Local Sites\ecommerce\app\public\wp-includes\class-wp-hook.php:292
Stack trace:
#0 C:\Users\Administrateur\Local Sites\ecommerce\app\public\wp-includes\class-wp-hook.php(316): WP_Hook->apply_filters('', Array)
#1 C:\Users\Administrateur\Local Sites\ecommerce\app\public\wp-includes\plugin.php(551): WP_Hook->do_action(Array)
#2 C:\Users\Administrateur\Local Sites\ecommerce\app\public\wp-content\plugins\woocommerce\packages\action-scheduler\classes\actions\ActionScheduler_Action.php(22): do_action_ref_array('wpforms_admin_n...', Array)
#3 C:\Users\Administrateur\Local Sites\ecommerce\app\public\wp-content\plugins\woocommerce\packages\action-scheduler\classes\abstracts\ActionScheduler_Abstract_QueueRunner.php(65): ActionScheduler_Action->execute()
#4 C:\Users\Administrateur\Local Sites\ecommerce\app\public\wp-content\plugins\woocommerce\packages\action-scheduler\classes\ActionScheduler_QueueRunner.php(162): ActionScheduler_Abstract_QueueRunner->process_action(51, 'WP Cron')
#5 C:\Users\Administrateur\Local Sites\ecommerce\app\public\wp-content\plugins\woocommerce\packages\action-scheduler\classes\ActionScheduler_QueueRunner.php(132): ActionScheduler_QueueRunner->do_batch(25, 'WP Cron')
#6 C:\Users\Administrateur\Local Sites\ecommerce\app\public\wp-includes\class-wp-hook.php(292): ActionScheduler_QueueRunner->run('WP Cron')
#7 C:\Users\Administrateur\Local Sites\ecommerce\app\public\wp-includes\class-wp-hook.php(316): WP_Hook->apply_filters('', Array)
#8 C:\Users\Administrateur\Local Sites\ecommerce\app\public\wp-includes\plugin.php(551): WP_Hook->do_action(Array)
#9 C:\Users\Administrateur\Local Sites\ecommerce\app\public\wp-cron.php(138): do_action_ref_array('action_schedule...', Array)
#10 {main}
  thrown in C:\Users\Administrateur\Local Sites\ecommerce\app\public\wp-includes\class-wp-hook.php on line 292

2021-06-15T13:27:24+00:00 CRITICAL Uncaught Error: Unknown named parameter $tasks_meta_id in C:\Users\Administrateur\Local Sites\ecommerce\app\public\wp-includes\class-wp-hook.php:292
Stack trace:
#0 C:\Users\Administrateur\Local Sites\ecommerce\app\public\wp-includes\class-wp-hook.php(316): WP_Hook->apply_filters('', Array)
#1 C:\Users\Administrateur\Local Sites\ecommerce\app\public\wp-includes\plugin.php(551): WP_Hook->do_action(Array)
#2 C:\Users\Administrateur\Local Sites\ecommerce\app\public\wp-content\plugins\woocommerce\packages\action-scheduler\classes\actions\ActionScheduler_Action.php(22): do_action_ref_array('wpforms_admin_n...', Array)
#3 C:\Users\Administrateur\Local Sites\ecommerce\app\public\wp-content\plugins\woocommerce\packages\action-scheduler\classes\abstracts\ActionScheduler_Abstract_QueueRunner.php(65): ActionScheduler_Action->execute()
#4 C:\Users\Administrateur\Local Sites\ecommerce\app\public\wp-content\plugins\woocommerce\packages\action-scheduler\classes\ActionScheduler_QueueRunner.php(162): ActionScheduler_Abstract_QueueRunner->process_action(52, 'Async Request')
#5 C:\Users\Administrateur\Local Sites\ecommerce\app\public\wp-content\plugins\woocommerce\packages\action-scheduler\classes\ActionScheduler_QueueRunner.php(132): ActionScheduler_QueueRunner->do_batch(25, 'Async Request')
#6 C:\Users\Administrateur\Local Sites\ecommerce\app\public\wp-includes\class-wp-hook.php(292): ActionScheduler_QueueRunner->run('Async Request')
#7 C:\Users\Administrateur\Local Sites\ecommerce\app\public\wp-includes\class-wp-hook.php(316): WP_Hook->apply_filters('', Array)
#8 C:\Users\Administrateur\Local Sites\ecommerce\app\public\wp-includes\plugin.php(484): WP_Hook->do_action(Array)
#9 C:\Users\Administrateur\Local Sites\ecommerce\app\public\wp-content\plugins\woocommerce\packages\action-scheduler\classes\ActionScheduler_AsyncRequest_QueueRunner.php(52): do_action('action_schedule...', 'Async Request')
#10 C:\Users\Administrateur\Local Sites\ecommerce\app\public\wp-content\plugins\woocommerce\includes\libraries\wp-async-request.php(147): ActionScheduler_AsyncRequest_QueueRunner->handle()
#11 C:\Users\Administrateur\Local Sites\ecommerce\app\public\wp-includes\class-wp-hook.php(292): WP_Async_Request->maybe_handle('')
#12 C:\Users\Administrateur\Local Sites\ecommerce\app\public\wp-includes\class-wp-hook.php(316): WP_Hook->apply_filters('', Array)
#13 C:\Users\Administrateur\Local Sites\ecommerce\app\public\wp-includes\plugin.php(484): WP_Hook->do_action(Array)
#14 C:\Users\Administrateur\Local Sites\ecommerce\app\public\wp-admin\admin-ajax.php(187): do_action('wp_ajax_as_asyn...')
#15 {main}
  thrown in C:\Users\Administrateur\Local Sites\ecommerce\app\public\wp-includes\class-wp-hook.php on line 292

2021-06-15T13:28:11+00:00 CRITICAL Uncaught Error: Unknown named parameter $tasks_meta_id in C:\Users\Administrateur\Local Sites\ecommerce\app\public\wp-includes\class-wp-hook.php:292
Stack trace:
#0 C:\Users\Administrateur\Local Sites\ecommerce\app\public\wp-includes\class-wp-hook.php(316): WP_Hook->apply_filters('', Array)
#1 C:\Users\Administrateur\Local Sites\ecommerce\app\public\wp-includes\plugin.php(551): WP_Hook->do_action(Array)
#2 C:\Users\Administrateur\Local Sites\ecommerce\app\public\wp-content\plugins\woocommerce\packages\action-scheduler\classes\actions\ActionScheduler_Action.php(22): do_action_ref_array('wpforms_admin_n...', Array)
#3 C:\Users\Administrateur\Local Sites\ecommerce\app\public\wp-content\plugins\woocommerce\packages\action-scheduler\classes\abstracts\ActionScheduler_Abstract_QueueRunner.php(65): ActionScheduler_Action->execute()
#4 C:\Users\Administrateur\Local Sites\ecommerce\app\public\wp-content\plugins\woocommerce\packages\action-scheduler\classes\ActionScheduler_QueueRunner.php(162): ActionScheduler_Abstract_QueueRunner->process_action(53, 'WP Cron')
#5 C:\Users\Administrateur\Local Sites\ecommerce\app\public\wp-content\plugins\woocommerce\packages\action-scheduler\classes\ActionScheduler_QueueRunner.php(132): ActionScheduler_QueueRunner->do_batch(25, 'WP Cron')
#6 C:\Users\Administrateur\Local Sites\ecommerce\app\public\wp-includes\class-wp-hook.php(292): ActionScheduler_QueueRunner->run('WP Cron')
#7 C:\Users\Administrateur\Local Sites\ecommerce\app\public\wp-includes\class-wp-hook.php(316): WP_Hook->apply_filters('', Array)
#8 C:\Users\Administrateur\Local Sites\ecommerce\app\public\wp-includes\plugin.php(551): WP_Hook->do_action(Array)
#9 C:\Users\Administrateur\Local Sites\ecommerce\app\public\wp-cron.php(138): do_action_ref_array('action_schedule...', Array)
#10 {main}
  thrown in C:\Users\Administrateur\Local Sites\ecommerce\app\public\wp-includes\class-wp-hook.php on line 292

2021-06-15T13:30:44+00:00 CRITICAL Uncaught Error: Unknown named parameter $tasks_meta_id in C:\Users\Administrateur\Local Sites\ecommerce\app\public\wp-includes\class-wp-hook.php:292
Stack trace:
#0 C:\Users\Administrateur\Local Sites\ecommerce\app\public\wp-includes\class-wp-hook.php(316): WP_Hook->apply_filters('', Array)
#1 C:\Users\Administrateur\Local Sites\ecommerce\app\public\wp-includes\plugin.php(551): WP_Hook->do_action(Array)
#2 C:\Users\Administrateur\Local Sites\ecommerce\app\public\wp-content\plugins\woocommerce\packages\action-scheduler\classes\actions\ActionScheduler_Action.php(22): do_action_ref_array('wpforms_admin_n...', Array)
#3 C:\Users\Administrateur\Local Sites\ecommerce\app\public\wp-content\plugins\woocommerce\packages\action-scheduler\classes\abstracts\ActionScheduler_Abstract_QueueRunner.php(65): ActionScheduler_Action->execute()
#4 C:\Users\Administrateur\Local Sites\ecommerce\app\public\wp-content\plugins\woocommerce\packages\action-scheduler\classes\ActionScheduler_QueueRunner.php(162): ActionScheduler_Abstract_QueueRunner->process_action(54, 'Async Request')
#5 C:\Users\Administrateur\Local Sites\ecommerce\app\public\wp-content\plugins\woocommerce\packages\action-scheduler\classes\ActionScheduler_QueueRunner.php(132): ActionScheduler_QueueRunner->do_batch(25, 'Async Request')
#6 C:\Users\Administrateur\Local Sites\ecommerce\app\public\wp-includes\class-wp-hook.php(292): ActionScheduler_QueueRunner->run('Async Request')
#7 C:\Users\Administrateur\Local Sites\ecommerce\app\public\wp-includes\class-wp-hook.php(316): WP_Hook->apply_filters('', Array)
#8 C:\Users\Administrateur\Local Sites\ecommerce\app\public\wp-includes\plugin.php(484): WP_Hook->do_action(Array)
#9 C:\Users\Administrateur\Local Sites\ecommerce\app\public\wp-content\plugins\woocommerce\packages\action-scheduler\classes\ActionScheduler_AsyncRequest_QueueRunner.php(52): do_action('action_schedule...', 'Async Request')
#10 C:\Users\Administrateur\Local Sites\ecommerce\app\public\wp-content\plugins\woocommerce\includes\libraries\wp-async-request.php(147): ActionScheduler_AsyncRequest_QueueRunner->handle()
#11 C:\Users\Administrateur\Local Sites\ecommerce\app\public\wp-includes\class-wp-hook.php(292): WP_Async_Request->maybe_handle('')
#12 C:\Users\Administrateur\Local Sites\ecommerce\app\public\wp-includes\class-wp-hook.php(316): WP_Hook->apply_filters('', Array)
#13 C:\Users\Administrateur\Local Sites\ecommerce\app\public\wp-includes\plugin.php(484): WP_Hook->do_action(Array)
#14 C:\Users\Administrateur\Local Sites\ecommerce\app\public\wp-admin\admin-ajax.php(187): do_action('wp_ajax_as_asyn...')
#15 {main}
  thrown in C:\Users\Administrateur\Local Sites\ecommerce\app\public\wp-includes\class-wp-hook.php on line 292

2021-06-15T13:34:42+00:00 CRITICAL Uncaught Error: Unknown named parameter $tasks_meta_id in C:\Users\Administrateur\Local Sites\ecommerce\app\public\wp-includes\class-wp-hook.php:292
Stack trace:
#0 C:\Users\Administrateur\Local Sites\ecommerce\app\public\wp-includes\class-wp-hook.php(316): WP_Hook->apply_filters('', Array)
#1 C:\Users\Administrateur\Local Sites\ecommerce\app\public\wp-includes\plugin.php(551): WP_Hook->do_action(Array)
#2 C:\Users\Administrateur\Local Sites\ecommerce\app\public\wp-content\plugins\woocommerce\packages\action-scheduler\classes\actions\ActionScheduler_Action.php(22): do_action_ref_array('wpforms_admin_n...', Array)
#3 C:\Users\Administrateur\Local Sites\ecommerce\app\public\wp-content\plugins\woocommerce\packages\action-scheduler\classes\abstracts\ActionScheduler_Abstract_QueueRunner.php(65): ActionScheduler_Action->execute()
#4 C:\Users\Administrateur\Local Sites\ecommerce\app\public\wp-content\plugins\woocommerce\packages\action-scheduler\classes\ActionScheduler_QueueRunner.php(162): ActionScheduler_Abstract_QueueRunner->process_action(55, 'Async Request')
#5 C:\Users\Administrateur\Local Sites\ecommerce\app\public\wp-content\plugins\woocommerce\packages\action-scheduler\classes\ActionScheduler_QueueRunner.php(132): ActionScheduler_QueueRunner->do_batch(25, 'Async Request')
#6 C:\Users\Administrateur\Local Sites\ecommerce\app\public\wp-includes\class-wp-hook.php(292): ActionScheduler_QueueRunner->run('Async Request')
#7 C:\Users\Administrateur\Local Sites\ecommerce\app\public\wp-includes\class-wp-hook.php(316): WP_Hook->apply_filters('', Array)
#8 C:\Users\Administrateur\Local Sites\ecommerce\app\public\wp-includes\plugin.php(484): WP_Hook->do_action(Array)
#9 C:\Users\Administrateur\Local Sites\ecommerce\app\public\wp-content\plugins\woocommerce\packages\action-scheduler\classes\ActionScheduler_AsyncRequest_QueueRunner.php(52): do_action('action_schedule...', 'Async Request')
#10 C:\Users\Administrateur\Local Sites\ecommerce\app\public\wp-content\plugins\woocommerce\includes\libraries\wp-async-request.php(147): ActionScheduler_AsyncRequest_QueueRunner->handle()
#11 C:\Users\Administrateur\Local Sites\ecommerce\app\public\wp-includes\class-wp-hook.php(292): WP_Async_Request->maybe_handle('')
#12 C:\Users\Administrateur\Local Sites\ecommerce\app\public\wp-includes\class-wp-hook.php(316): WP_Hook->apply_filters('', Array)
#13 C:\Users\Administrateur\Local Sites\ecommerce\app\public\wp-includes\plugin.php(484): WP_Hook->do_action(Array)
#14 C:\Users\Administrateur\Local Sites\ecommerce\app\public\wp-admin\admin-ajax.php(187): do_action('wp_ajax_as_asyn...')
#15 {main}
  thrown in C:\Users\Administrateur\Local Sites\ecommerce\app\public\wp-includes\class-wp-hook.php on line 292

2021-06-15T13:40:35+00:00 CRITICAL Uncaught Error: Unknown named parameter $tasks_meta_id in C:\Users\Administrateur\Local Sites\ecommerce\app\public\wp-includes\class-wp-hook.php:292
Stack trace:
#0 C:\Users\Administrateur\Local Sites\ecommerce\app\public\wp-includes\class-wp-hook.php(316): WP_Hook->apply_filters('', Array)
#1 C:\Users\Administrateur\Local Sites\ecommerce\app\public\wp-includes\plugin.php(551): WP_Hook->do_action(Array)
#2 C:\Users\Administrateur\Local Sites\ecommerce\app\public\wp-content\plugins\woocommerce\packages\action-scheduler\classes\actions\ActionScheduler_Action.php(22): do_action_ref_array('wpforms_admin_n...', Array)
#3 C:\Users\Administrateur\Local Sites\ecommerce\app\public\wp-content\plugins\woocommerce\packages\action-scheduler\classes\abstracts\ActionScheduler_Abstract_QueueRunner.php(65): ActionScheduler_Action->execute()
#4 C:\Users\Administrateur\Local Sites\ecommerce\app\public\wp-content\plugins\woocommerce\packages\action-scheduler\classes\ActionScheduler_QueueRunner.php(162): ActionScheduler_Abstract_QueueRunner->process_action(56, 'WP Cron')
#5 C:\Users\Administrateur\Local Sites\ecommerce\app\public\wp-content\plugins\woocommerce\packages\action-scheduler\classes\ActionScheduler_QueueRunner.php(132): ActionScheduler_QueueRunner->do_batch(25, 'WP Cron')
#6 C:\Users\Administrateur\Local Sites\ecommerce\app\public\wp-includes\class-wp-hook.php(292): ActionScheduler_QueueRunner->run('WP Cron')
#7 C:\Users\Administrateur\Local Sites\ecommerce\app\public\wp-includes\class-wp-hook.php(316): WP_Hook->apply_filters('', Array)
#8 C:\Users\Administrateur\Local Sites\ecommerce\app\public\wp-includes\plugin.php(551): WP_Hook->do_action(Array)
#9 C:\Users\Administrateur\Local Sites\ecommerce\app\public\wp-cron.php(138): do_action_ref_array('action_schedule...', Array)
#10 {main}
  thrown in C:\Users\Administrateur\Local Sites\ecommerce\app\public\wp-includes\class-wp-hook.php on line 292

2021-06-15T13:45:40+00:00 CRITICAL Uncaught Error: Unknown named parameter $tasks_meta_id in C:\Users\Administrateur\Local Sites\ecommerce\app\public\wp-includes\class-wp-hook.php:292
Stack trace:
#0 C:\Users\Administrateur\Local Sites\ecommerce\app\public\wp-includes\class-wp-hook.php(316): WP_Hook->apply_filters('', Array)
#1 C:\Users\Administrateur\Local Sites\ecommerce\app\public\wp-includes\plugin.php(551): WP_Hook->do_action(Array)
#2 C:\Users\Administrateur\Local Sites\ecommerce\app\public\wp-content\plugins\woocommerce\packages\action-scheduler\classes\actions\ActionScheduler_Action.php(22): do_action_ref_array('wpforms_admin_n...', Array)
#3 C:\Users\Administrateur\Local Sites\ecommerce\app\public\wp-content\plugins\woocommerce\packages\action-scheduler\classes\abstracts\ActionScheduler_Abstract_QueueRunner.php(65): ActionScheduler_Action->execute()
#4 C:\Users\Administrateur\Local Sites\ecommerce\app\public\wp-content\plugins\woocommerce\packages\action-scheduler\classes\ActionScheduler_QueueRunner.php(162): ActionScheduler_Abstract_QueueRunner->process_action(57, 'WP Cron')
#5 C:\Users\Administrateur\Local Sites\ecommerce\app\public\wp-content\plugins\woocommerce\packages\action-scheduler\classes\ActionScheduler_QueueRunner.php(132): ActionScheduler_QueueRunner->do_batch(25, 'WP Cron')
#6 C:\Users\Administrateur\Local Sites\ecommerce\app\public\wp-includes\class-wp-hook.php(292): ActionScheduler_QueueRunner->run('WP Cron')
#7 C:\Users\Administrateur\Local Sites\ecommerce\app\public\wp-includes\class-wp-hook.php(316): WP_Hook->apply_filters('', Array)
#8 C:\Users\Administrateur\Local Sites\ecommerce\app\public\wp-includes\plugin.php(551): WP_Hook->do_action(Array)
#9 C:\Users\Administrateur\Local Sites\ecommerce\app\public\wp-cron.php(138): do_action_ref_array('action_schedule...', Array)
#10 {main}
  thrown in C:\Users\Administrateur\Local Sites\ecommerce\app\public\wp-includes\class-wp-hook.php on line 292

2021-06-15T20:37:37+00:00 CRITICAL Uncaught Error: Unknown named parameter $tasks_meta_id in C:\Users\Administrateur\Local Sites\ecommerce\app\public\wp-includes\class-wp-hook.php:292
Stack trace:
#0 C:\Users\Administrateur\Local Sites\ecommerce\app\public\wp-includes\class-wp-hook.php(316): WP_Hook->apply_filters('', Array)
#1 C:\Users\Administrateur\Local Sites\ecommerce\app\public\wp-includes\plugin.php(551): WP_Hook->do_action(Array)
#2 C:\Users\Administrateur\Local Sites\ecommerce\app\public\wp-content\plugins\woocommerce\packages\action-scheduler\classes\actions\ActionScheduler_Action.php(22): do_action_ref_array('wpforms_admin_n...', Array)
#3 C:\Users\Administrateur\Local Sites\ecommerce\app\public\wp-content\plugins\woocommerce\packages\action-scheduler\classes\abstracts\ActionScheduler_Abstract_QueueRunner.php(65): ActionScheduler_Action->execute()
#4 C:\Users\Administrateur\Local Sites\ecommerce\app\public\wp-content\plugins\woocommerce\packages\action-scheduler\classes\ActionScheduler_QueueRunner.php(162): ActionScheduler_Abstract_QueueRunner->process_action(58, 'WP Cron')
#5 C:\Users\Administrateur\Local Sites\ecommerce\app\public\wp-content\plugins\woocommerce\packages\action-scheduler\classes\ActionScheduler_QueueRunner.php(132): ActionScheduler_QueueRunner->do_batch(25, 'WP Cron')
#6 C:\Users\Administrateur\Local Sites\ecommerce\app\public\wp-includes\class-wp-hook.php(292): ActionScheduler_QueueRunner->run('WP Cron')
#7 C:\Users\Administrateur\Local Sites\ecommerce\app\public\wp-includes\class-wp-hook.php(316): WP_Hook->apply_filters('', Array)
#8 C:\Users\Administrateur\Local Sites\ecommerce\app\public\wp-includes\plugin.php(551): WP_Hook->do_action(Array)
#9 C:\Users\Administrateur\Local Sites\ecommerce\app\public\wp-cron.php(138): do_action_ref_array('action_schedule...', Array)
#10 {main}
  thrown in C:\Users\Administrateur\Local Sites\ecommerce\app\public\wp-includes\class-wp-hook.php on line 292

2021-06-15T20:37:56+00:00 CRITICAL Uncaught Error: Unknown named parameter $tasks_meta_id in C:\Users\Administrateur\Local Sites\ecommerce\app\public\wp-includes\class-wp-hook.php:292
Stack trace:
#0 C:\Users\Administrateur\Local Sites\ecommerce\app\public\wp-includes\class-wp-hook.php(316): WP_Hook->apply_filters('', Array)
#1 C:\Users\Administrateur\Local Sites\ecommerce\app\public\wp-includes\plugin.php(551): WP_Hook->do_action(Array)
#2 C:\Users\Administrateur\Local Sites\ecommerce\app\public\wp-content\plugins\woocommerce\packages\action-scheduler\classes\actions\ActionScheduler_Action.php(22): do_action_ref_array('wpforms_admin_n...', Array)
#3 C:\Users\Administrateur\Local Sites\ecommerce\app\public\wp-content\plugins\woocommerce\packages\action-scheduler\classes\abstracts\ActionScheduler_Abstract_QueueRunner.php(65): ActionScheduler_Action->execute()
#4 C:\Users\Administrateur\Local Sites\ecommerce\app\public\wp-content\plugins\woocommerce\packages\action-scheduler\classes\ActionScheduler_QueueRunner.php(162): ActionScheduler_Abstract_QueueRunner->process_action(59, 'Async Request')
#5 C:\Users\Administrateur\Local Sites\ecommerce\app\public\wp-content\plugins\woocommerce\packages\action-scheduler\classes\ActionScheduler_QueueRunner.php(132): ActionScheduler_QueueRunner->do_batch(25, 'Async Request')
#6 C:\Users\Administrateur\Local Sites\ecommerce\app\public\wp-includes\class-wp-hook.php(292): ActionScheduler_QueueRunner->run('Async Request')
#7 C:\Users\Administrateur\Local Sites\ecommerce\app\public\wp-includes\class-wp-hook.php(316): WP_Hook->apply_filters('', Array)
#8 C:\Users\Administrateur\Local Sites\ecommerce\app\public\wp-includes\plugin.php(484): WP_Hook->do_action(Array)
#9 C:\Users\Administrateur\Local Sites\ecommerce\app\public\wp-content\plugins\woocommerce\packages\action-scheduler\classes\ActionScheduler_AsyncRequest_QueueRunner.php(52): do_action('action_schedule...', 'Async Request')
#10 C:\Users\Administrateur\Local Sites\ecommerce\app\public\wp-content\plugins\woocommerce\includes\libraries\wp-async-request.php(147): ActionScheduler_AsyncRequest_QueueRunner->handle()
#11 C:\Users\Administrateur\Local Sites\ecommerce\app\public\wp-includes\class-wp-hook.php(292): WP_Async_Request->maybe_handle('')
#12 C:\Users\Administrateur\Local Sites\ecommerce\app\public\wp-includes\class-wp-hook.php(316): WP_Hook->apply_filters('', Array)
#13 C:\Users\Administrateur\Local Sites\ecommerce\app\public\wp-includes\plugin.php(484): WP_Hook->do_action(Array)
#14 C:\Users\Administrateur\Local Sites\ecommerce\app\public\wp-admin\admin-ajax.php(187): do_action('wp_ajax_as_asyn...')
#15 {main}
  thrown in C:\Users\Administrateur\Local Sites\ecommerce\app\public\wp-includes\class-wp-hook.php on line 292

2021-06-15T20:39:00+00:00 CRITICAL Uncaught Error: Unknown named parameter $tasks_meta_id in C:\Users\Administrateur\Local Sites\ecommerce\app\public\wp-includes\class-wp-hook.php:292
Stack trace:
#0 C:\Users\Administrateur\Local Sites\ecommerce\app\public\wp-includes\class-wp-hook.php(316): WP_Hook->apply_filters('', Array)
#1 C:\Users\Administrateur\Local Sites\ecommerce\app\public\wp-includes\plugin.php(551): WP_Hook->do_action(Array)
#2 C:\Users\Administrateur\Local Sites\ecommerce\app\public\wp-content\plugins\woocommerce\packages\action-scheduler\classes\actions\ActionScheduler_Action.php(22): do_action_ref_array('wpforms_admin_n...', Array)
#3 C:\Users\Administrateur\Local Sites\ecommerce\app\public\wp-content\plugins\woocommerce\packages\action-scheduler\classes\abstracts\ActionScheduler_Abstract_QueueRunner.php(65): ActionScheduler_Action->execute()
#4 C:\Users\Administrateur\Local Sites\ecommerce\app\public\wp-content\plugins\woocommerce\packages\action-scheduler\classes\ActionScheduler_QueueRunner.php(162): ActionScheduler_Abstract_QueueRunner->process_action(60, 'Async Request')
#5 C:\Users\Administrateur\Local Sites\ecommerce\app\public\wp-content\plugins\woocommerce\packages\action-scheduler\classes\ActionScheduler_QueueRunner.php(132): ActionScheduler_QueueRunner->do_batch(25, 'Async Request')
#6 C:\Users\Administrateur\Local Sites\ecommerce\app\public\wp-includes\class-wp-hook.php(292): ActionScheduler_QueueRunner->run('Async Request')
#7 C:\Users\Administrateur\Local Sites\ecommerce\app\public\wp-includes\class-wp-hook.php(316): WP_Hook->apply_filters('', Array)
#8 C:\Users\Administrateur\Local Sites\ecommerce\app\public\wp-includes\plugin.php(484): WP_Hook->do_action(Array)
#9 C:\Users\Administrateur\Local Sites\ecommerce\app\public\wp-content\plugins\woocommerce\packages\action-scheduler\classes\ActionScheduler_AsyncRequest_QueueRunner.php(52): do_action('action_schedule...', 'Async Request')
#10 C:\Users\Administrateur\Local Sites\ecommerce\app\public\wp-content\plugins\woocommerce\includes\libraries\wp-async-request.php(147): ActionScheduler_AsyncRequest_QueueRunner->handle()
#11 C:\Users\Administrateur\Local Sites\ecommerce\app\public\wp-includes\class-wp-hook.php(292): WP_Async_Request->maybe_handle('')
#12 C:\Users\Administrateur\Local Sites\ecommerce\app\public\wp-includes\class-wp-hook.php(316): WP_Hook->apply_filters('', Array)
#13 C:\Users\Administrateur\Local Sites\ecommerce\app\public\wp-includes\plugin.php(484): WP_Hook->do_action(Array)
#14 C:\Users\Administrateur\Local Sites\ecommerce\app\public\wp-admin\admin-ajax.php(187): do_action('wp_ajax_as_asyn...')
#15 {main}
  thrown in C:\Users\Administrateur\Local Sites\ecommerce\app\public\wp-includes\class-wp-hook.php on line 292

2021-06-15T20:45:53+00:00 CRITICAL Uncaught Error: Unknown named parameter $tasks_meta_id in C:\Users\Administrateur\Local Sites\ecommerce\app\public\wp-includes\class-wp-hook.php:292
Stack trace:
#0 C:\Users\Administrateur\Local Sites\ecommerce\app\public\wp-includes\class-wp-hook.php(316): WP_Hook->apply_filters('', Array)
#1 C:\Users\Administrateur\Local Sites\ecommerce\app\public\wp-includes\plugin.php(551): WP_Hook->do_action(Array)
#2 C:\Users\Administrateur\Local Sites\ecommerce\app\public\wp-content\plugins\woocommerce\packages\action-scheduler\classes\actions\ActionScheduler_Action.php(22): do_action_ref_array('wpforms_admin_n...', Array)
#3 C:\Users\Administrateur\Local Sites\ecommerce\app\public\wp-content\plugins\woocommerce\packages\action-scheduler\classes\abstracts\ActionScheduler_Abstract_QueueRunner.php(65): ActionScheduler_Action->execute()
#4 C:\Users\Administrateur\Local Sites\ecommerce\app\public\wp-content\plugins\woocommerce\packages\action-scheduler\classes\ActionScheduler_QueueRunner.php(162): ActionScheduler_Abstract_QueueRunner->process_action(62, 'Async Request')
#5 C:\Users\Administrateur\Local Sites\ecommerce\app\public\wp-content\plugins\woocommerce\packages\action-scheduler\classes\ActionScheduler_QueueRunner.php(132): ActionScheduler_QueueRunner->do_batch(25, 'Async Request')
#6 C:\Users\Administrateur\Local Sites\ecommerce\app\public\wp-includes\class-wp-hook.php(292): ActionScheduler_QueueRunner->run('Async Request')
#7 C:\Users\Administrateur\Local Sites\ecommerce\app\public\wp-includes\class-wp-hook.php(316): WP_Hook->apply_filters('', Array)
#8 C:\Users\Administrateur\Local Sites\ecommerce\app\public\wp-includes\plugin.php(484): WP_Hook->do_action(Array)
#9 C:\Users\Administrateur\Local Sites\ecommerce\app\public\wp-content\plugins\woocommerce\packages\action-scheduler\classes\ActionScheduler_AsyncRequest_QueueRunner.php(52): do_action('action_schedule...', 'Async Request')
#10 C:\Users\Administrateur\Local Sites\ecommerce\app\public\wp-content\plugins\woocommerce\includes\libraries\wp-async-request.php(147): ActionScheduler_AsyncRequest_QueueRunner->handle()
#11 C:\Users\Administrateur\Local Sites\ecommerce\app\public\wp-includes\class-wp-hook.php(292): WP_Async_Request->maybe_handle('')
#12 C:\Users\Administrateur\Local Sites\ecommerce\app\public\wp-includes\class-wp-hook.php(316): WP_Hook->apply_filters('', Array)
#13 C:\Users\Administrateur\Local Sites\ecommerce\app\public\wp-includes\plugin.php(484): WP_Hook->do_action(Array)
#14 C:\Users\Administrateur\Local Sites\ecommerce\app\public\wp-admin\admin-ajax.php(187): do_action('wp_ajax_as_asyn...')
#15 {main}
  thrown in C:\Users\Administrateur\Local Sites\ecommerce\app\public\wp-includes\class-wp-hook.php on line 292

2021-06-15T20:46:46+00:00 CRITICAL Uncaught Error: Unknown named parameter $tasks_meta_id in C:\Users\Administrateur\Local Sites\ecommerce\app\public\wp-includes\class-wp-hook.php:292
Stack trace:
#0 C:\Users\Administrateur\Local Sites\ecommerce\app\public\wp-includes\class-wp-hook.php(316): WP_Hook->apply_filters('', Array)
#1 C:\Users\Administrateur\Local Sites\ecommerce\app\public\wp-includes\plugin.php(551): WP_Hook->do_action(Array)
#2 C:\Users\Administrateur\Local Sites\ecommerce\app\public\wp-content\plugins\woocommerce\packages\action-scheduler\classes\actions\ActionScheduler_Action.php(22): do_action_ref_array('wpforms_admin_n...', Array)
#3 C:\Users\Administrateur\Local Sites\ecommerce\app\public\wp-content\plugins\woocommerce\packages\action-scheduler\classes\abstracts\ActionScheduler_Abstract_QueueRunner.php(65): ActionScheduler_Action->execute()
#4 C:\Users\Administrateur\Local Sites\ecommerce\app\public\wp-content\plugins\woocommerce\packages\action-scheduler\classes\ActionScheduler_QueueRunner.php(162): ActionScheduler_Abstract_QueueRunner->process_action(63, 'WP Cron')
#5 C:\Users\Administrateur\Local Sites\ecommerce\app\public\wp-content\plugins\woocommerce\packages\action-scheduler\classes\ActionScheduler_QueueRunner.php(132): ActionScheduler_QueueRunner->do_batch(25, 'WP Cron')
#6 C:\Users\Administrateur\Local Sites\ecommerce\app\public\wp-includes\class-wp-hook.php(292): ActionScheduler_QueueRunner->run('WP Cron')
#7 C:\Users\Administrateur\Local Sites\ecommerce\app\public\wp-includes\class-wp-hook.php(316): WP_Hook->apply_filters('', Array)
#8 C:\Users\Administrateur\Local Sites\ecommerce\app\public\wp-includes\plugin.php(551): WP_Hook->do_action(Array)
#9 C:\Users\Administrateur\Local Sites\ecommerce\app\public\wp-cron.php(138): do_action_ref_array('action_schedule...', Array)
#10 {main}
  thrown in C:\Users\Administrateur\Local Sites\ecommerce\app\public\wp-includes\class-wp-hook.php on line 292

2021-06-15T20:50:22+00:00 CRITICAL Uncaught Error: Unknown named parameter $tasks_meta_id in C:\Users\Administrateur\Local Sites\ecommerce\app\public\wp-includes\class-wp-hook.php:292
Stack trace:
#0 C:\Users\Administrateur\Local Sites\ecommerce\app\public\wp-includes\class-wp-hook.php(316): WP_Hook->apply_filters('', Array)
#1 C:\Users\Administrateur\Local Sites\ecommerce\app\public\wp-includes\plugin.php(551): WP_Hook->do_action(Array)
#2 C:\Users\Administrateur\Local Sites\ecommerce\app\public\wp-content\plugins\woocommerce\packages\action-scheduler\classes\actions\ActionScheduler_Action.php(22): do_action_ref_array('wpforms_admin_n...', Array)
#3 C:\Users\Administrateur\Local Sites\ecommerce\app\public\wp-content\plugins\woocommerce\packages\action-scheduler\classes\abstracts\ActionScheduler_Abstract_QueueRunner.php(65): ActionScheduler_Action->execute()
#4 C:\Users\Administrateur\Local Sites\ecommerce\app\public\wp-content\plugins\woocommerce\packages\action-scheduler\classes\ActionScheduler_QueueRunner.php(162): ActionScheduler_Abstract_QueueRunner->process_action(64, 'WP Cron')
#5 C:\Users\Administrateur\Local Sites\ecommerce\app\public\wp-content\plugins\woocommerce\packages\action-scheduler\classes\ActionScheduler_QueueRunner.php(132): ActionScheduler_QueueRunner->do_batch(25, 'WP Cron')
#6 C:\Users\Administrateur\Local Sites\ecommerce\app\public\wp-includes\class-wp-hook.php(292): ActionScheduler_QueueRunner->run('WP Cron')
#7 C:\Users\Administrateur\Local Sites\ecommerce\app\public\wp-includes\class-wp-hook.php(316): WP_Hook->apply_filters('', Array)
#8 C:\Users\Administrateur\Local Sites\ecommerce\app\public\wp-includes\plugin.php(551): WP_Hook->do_action(Array)
#9 C:\Users\Administrateur\Local Sites\ecommerce\app\public\wp-cron.php(138): do_action_ref_array('action_schedule...', Array)
#10 {main}
  thrown in C:\Users\Administrateur\Local Sites\ecommerce\app\public\wp-includes\class-wp-hook.php on line 292

2021-06-15T20:52:07+00:00 CRITICAL Uncaught Error: Unknown named parameter $tasks_meta_id in C:\Users\Administrateur\Local Sites\ecommerce\app\public\wp-includes\class-wp-hook.php:292
Stack trace:
#0 C:\Users\Administrateur\Local Sites\ecommerce\app\public\wp-includes\class-wp-hook.php(316): WP_Hook->apply_filters('', Array)
#1 C:\Users\Administrateur\Local Sites\ecommerce\app\public\wp-includes\plugin.php(551): WP_Hook->do_action(Array)
#2 C:\Users\Administrateur\Local Sites\ecommerce\app\public\wp-content\plugins\woocommerce\packages\action-scheduler\classes\actions\ActionScheduler_Action.php(22): do_action_ref_array('wpforms_admin_n...', Array)
#3 C:\Users\Administrateur\Local Sites\ecommerce\app\public\wp-content\plugins\woocommerce\packages\action-scheduler\classes\abstracts\ActionScheduler_Abstract_QueueRunner.php(65): ActionScheduler_Action->execute()
#4 C:\Users\Administrateur\Local Sites\ecommerce\app\public\wp-content\plugins\woocommerce\packages\action-scheduler\classes\ActionScheduler_QueueRunner.php(162): ActionScheduler_Abstract_QueueRunner->process_action(65, 'WP Cron')
#5 C:\Users\Administrateur\Local Sites\ecommerce\app\public\wp-content\plugins\woocommerce\packages\action-scheduler\classes\ActionScheduler_QueueRunner.php(132): ActionScheduler_QueueRunner->do_batch(25, 'WP Cron')
#6 C:\Users\Administrateur\Local Sites\ecommerce\app\public\wp-includes\class-wp-hook.php(292): ActionScheduler_QueueRunner->run('WP Cron')
#7 C:\Users\Administrateur\Local Sites\ecommerce\app\public\wp-includes\class-wp-hook.php(316): WP_Hook->apply_filters('', Array)
#8 C:\Users\Administrateur\Local Sites\ecommerce\app\public\wp-includes\plugin.php(551): WP_Hook->do_action(Array)
#9 C:\Users\Administrateur\Local Sites\ecommerce\app\public\wp-cron.php(138): do_action_ref_array('action_schedule...', Array)
#10 {main}
  thrown in C:\Users\Administrateur\Local Sites\ecommerce\app\public\wp-includes\class-wp-hook.php on line 292

2021-06-15T20:53:26+00:00 CRITICAL Uncaught Error: Unknown named parameter $tasks_meta_id in C:\Users\Administrateur\Local Sites\ecommerce\app\public\wp-includes\class-wp-hook.php:292
Stack trace:
#0 C:\Users\Administrateur\Local Sites\ecommerce\app\public\wp-includes\class-wp-hook.php(316): WP_Hook->apply_filters('', Array)
#1 C:\Users\Administrateur\Local Sites\ecommerce\app\public\wp-includes\plugin.php(551): WP_Hook->do_action(Array)
#2 C:\Users\Administrateur\Local Sites\ecommerce\app\public\wp-content\plugins\woocommerce\packages\action-scheduler\classes\actions\ActionScheduler_Action.php(22): do_action_ref_array('wpforms_admin_n...', Array)
#3 C:\Users\Administrateur\Local Sites\ecommerce\app\public\wp-content\plugins\woocommerce\packages\action-scheduler\classes\abstracts\ActionScheduler_Abstract_QueueRunner.php(65): ActionScheduler_Action->execute()
#4 C:\Users\Administrateur\Local Sites\ecommerce\app\public\wp-content\plugins\woocommerce\packages\action-scheduler\classes\ActionScheduler_QueueRunner.php(162): ActionScheduler_Abstract_QueueRunner->process_action(66, 'Async Request')
#5 C:\Users\Administrateur\Local Sites\ecommerce\app\public\wp-content\plugins\woocommerce\packages\action-scheduler\classes\ActionScheduler_QueueRunner.php(132): ActionScheduler_QueueRunner->do_batch(25, 'Async Request')
#6 C:\Users\Administrateur\Local Sites\ecommerce\app\public\wp-includes\class-wp-hook.php(292): ActionScheduler_QueueRunner->run('Async Request')
#7 C:\Users\Administrateur\Local Sites\ecommerce\app\public\wp-includes\class-wp-hook.php(316): WP_Hook->apply_filters('', Array)
#8 C:\Users\Administrateur\Local Sites\ecommerce\app\public\wp-includes\plugin.php(484): WP_Hook->do_action(Array)
#9 C:\Users\Administrateur\Local Sites\ecommerce\app\public\wp-content\plugins\woocommerce\packages\action-scheduler\classes\ActionScheduler_AsyncRequest_QueueRunner.php(52): do_action('action_schedule...', 'Async Request')
#10 C:\Users\Administrateur\Local Sites\ecommerce\app\public\wp-content\plugins\woocommerce\includes\libraries\wp-async-request.php(147): ActionScheduler_AsyncRequest_QueueRunner->handle()
#11 C:\Users\Administrateur\Local Sites\ecommerce\app\public\wp-includes\class-wp-hook.php(292): WP_Async_Request->maybe_handle('')
#12 C:\Users\Administrateur\Local Sites\ecommerce\app\public\wp-includes\class-wp-hook.php(316): WP_Hook->apply_filters('', Array)
#13 C:\Users\Administrateur\Local Sites\ecommerce\app\public\wp-includes\plugin.php(484): WP_Hook->do_action(Array)
#14 C:\Users\Administrateur\Local Sites\ecommerce\app\public\wp-admin\admin-ajax.php(187): do_action('wp_ajax_as_asyn...')
#15 {main}
  thrown in C:\Users\Administrateur\Local Sites\ecommerce\app\public\wp-includes\class-wp-hook.php on line 292

2021-06-15T20:55:12+00:00 CRITICAL Uncaught Error: Unknown named parameter $tasks_meta_id in C:\Users\Administrateur\Local Sites\ecommerce\app\public\wp-includes\class-wp-hook.php:292
Stack trace:
#0 C:\Users\Administrateur\Local Sites\ecommerce\app\public\wp-includes\class-wp-hook.php(316): WP_Hook->apply_filters('', Array)
#1 C:\Users\Administrateur\Local Sites\ecommerce\app\public\wp-includes\plugin.php(551): WP_Hook->do_action(Array)
#2 C:\Users\Administrateur\Local Sites\ecommerce\app\public\wp-content\plugins\woocommerce\packages\action-scheduler\classes\actions\ActionScheduler_Action.php(22): do_action_ref_array('wpforms_admin_n...', Array)
#3 C:\Users\Administrateur\Local Sites\ecommerce\app\public\wp-content\plugins\woocommerce\packages\action-scheduler\classes\abstracts\ActionScheduler_Abstract_QueueRunner.php(65): ActionScheduler_Action->execute()
#4 C:\Users\Administrateur\Local Sites\ecommerce\app\public\wp-content\plugins\woocommerce\packages\action-scheduler\classes\ActionScheduler_QueueRunner.php(162): ActionScheduler_Abstract_QueueRunner->process_action(67, 'WP Cron')
#5 C:\Users\Administrateur\Local Sites\ecommerce\app\public\wp-content\plugins\woocommerce\packages\action-scheduler\classes\ActionScheduler_QueueRunner.php(132): ActionScheduler_QueueRunner->do_batch(25, 'WP Cron')
#6 C:\Users\Administrateur\Local Sites\ecommerce\app\public\wp-includes\class-wp-hook.php(292): ActionScheduler_QueueRunner->run('WP Cron')
#7 C:\Users\Administrateur\Local Sites\ecommerce\app\public\wp-includes\class-wp-hook.php(316): WP_Hook->apply_filters('', Array)
#8 C:\Users\Administrateur\Local Sites\ecommerce\app\public\wp-includes\plugin.php(551): WP_Hook->do_action(Array)
#9 C:\Users\Administrateur\Local Sites\ecommerce\app\public\wp-cron.php(138): do_action_ref_array('action_schedule...', Array)
#10 {main}
  thrown in C:\Users\Administrateur\Local Sites\ecommerce\app\public\wp-includes\class-wp-hook.php on line 292

2021-06-15T20:55:31+00:00 CRITICAL Uncaught Error: Unknown named parameter $tasks_meta_id in C:\Users\Administrateur\Local Sites\ecommerce\app\public\wp-includes\class-wp-hook.php:292
Stack trace:
#0 C:\Users\Administrateur\Local Sites\ecommerce\app\public\wp-includes\class-wp-hook.php(316): WP_Hook->apply_filters('', Array)
#1 C:\Users\Administrateur\Local Sites\ecommerce\app\public\wp-includes\plugin.php(551): WP_Hook->do_action(Array)
#2 C:\Users\Administrateur\Local Sites\ecommerce\app\public\wp-content\plugins\woocommerce\packages\action-scheduler\classes\actions\ActionScheduler_Action.php(22): do_action_ref_array('wpforms_admin_n...', Array)
#3 C:\Users\Administrateur\Local Sites\ecommerce\app\public\wp-content\plugins\woocommerce\packages\action-scheduler\classes\abstracts\ActionScheduler_Abstract_QueueRunner.php(65): ActionScheduler_Action->execute()
#4 C:\Users\Administrateur\Local Sites\ecommerce\app\public\wp-content\plugins\woocommerce\packages\action-scheduler\classes\ActionScheduler_QueueRunner.php(162): ActionScheduler_Abstract_QueueRunner->process_action(68, 'Async Request')
#5 C:\Users\Administrateur\Local Sites\ecommerce\app\public\wp-content\plugins\woocommerce\packages\action-scheduler\classes\ActionScheduler_QueueRunner.php(132): ActionScheduler_QueueRunner->do_batch(25, 'Async Request')
#6 C:\Users\Administrateur\Local Sites\ecommerce\app\public\wp-includes\class-wp-hook.php(292): ActionScheduler_QueueRunner->run('Async Request')
#7 C:\Users\Administrateur\Local Sites\ecommerce\app\public\wp-includes\class-wp-hook.php(316): WP_Hook->apply_filters('', Array)
#8 C:\Users\Administrateur\Local Sites\ecommerce\app\public\wp-includes\plugin.php(484): WP_Hook->do_action(Array)
#9 C:\Users\Administrateur\Local Sites\ecommerce\app\public\wp-content\plugins\woocommerce\packages\action-scheduler\classes\ActionScheduler_AsyncRequest_QueueRunner.php(52): do_action('action_schedule...', 'Async Request')
#10 C:\Users\Administrateur\Local Sites\ecommerce\app\public\wp-content\plugins\woocommerce\includes\libraries\wp-async-request.php(147): ActionScheduler_AsyncRequest_QueueRunner->handle()
#11 C:\Users\Administrateur\Local Sites\ecommerce\app\public\wp-includes\class-wp-hook.php(292): WP_Async_Request->maybe_handle('')
#12 C:\Users\Administrateur\Local Sites\ecommerce\app\public\wp-includes\class-wp-hook.php(316): WP_Hook->apply_filters('', Array)
#13 C:\Users\Administrateur\Local Sites\ecommerce\app\public\wp-includes\plugin.php(484): WP_Hook->do_action(Array)
#14 C:\Users\Administrateur\Local Sites\ecommerce\app\public\wp-admin\admin-ajax.php(187): do_action('wp_ajax_as_asyn...')
#15 {main}
  thrown in C:\Users\Administrateur\Local Sites\ecommerce\app\public\wp-includes\class-wp-hook.php on line 292

