[08-Jun-2021 12:45:45 UTC] WordPress database error Table 'local.wp_woocommerce_sessions' doesn't exist for query SELECT session_value FROM wp_woocommerce_sessions WHERE session_key = '1' made by require_once('wp-load.php'), require_once('wp-config.php'), require_once('wp-settings.php'), do_action('init'), WP_Hook->do_action, WP_Hook->apply_filters, WooCommerce->init, wc_load_cart, WooCommerce->initialize_session, WC_Session_Handler->init, WC_Session_Handler->init_session_cookie, WC_Session_Handler->get_session_data, WC_Session_Handler->get_session
[08-Jun-2021 12:45:45 UTC] WordPress database error Table 'local.wp_wc_webhooks' doesn't exist for query SELECT webhook_id
				FROM wp_wc_webhooks
				WHERE 1=1
				AND `status` = 'active'
				
				
				
				
				
				ORDER BY webhook_id DESC made by require_once('wp-load.php'), require_once('wp-config.php'), require_once('wp-settings.php'), do_action('init'), WP_Hook->do_action, WP_Hook->apply_filters, WooCommerce->init, WooCommerce->load_webhooks, wc_load_webhooks, WC_Data_Store->__call, WC_Webhook_Data_Store->get_webhooks_ids, WC_Webhook_Data_Store->search_webhooks
[08-Jun-2021 12:45:45 UTC] WordPress database error Table 'local.wp_woocommerce_attribute_taxonomies' doesn't exist for query SELECT * FROM wp_woocommerce_attribute_taxonomies WHERE attribute_name != '' ORDER BY attribute_name ASC; made by require_once('wp-load.php'), require_once('wp-config.php'), require_once('wp-settings.php'), do_action('init'), WP_Hook->do_action, WP_Hook->apply_filters, WC_Post_Types::register_taxonomies, wc_get_attribute_taxonomies
[08-Jun-2021 14:24:09 UTC] Sync process for Gutenberg Blocks has started.
[08-Jun-2021 14:24:09 UTC] CATEGORY:Importing categories..
[08-Jun-2021 14:24:09 UTC] CATEGORY:Storing in option ast-block-templates-categories
[08-Jun-2021 14:24:09 UTC] CATEGORY:Completed category import.
[08-Jun-2021 14:24:09 UTC] BLOCK: Getting Total Blocks
[08-Jun-2021 14:24:09 UTC] BLOCK: https://websitedemos.net/wp-json/astra-blocks/v1/get-blocks-count/?page_builder=gutenberg
[08-Jun-2021 14:24:09 UTC] BLOCK: Requests count 2
[08-Jun-2021 14:24:09 UTC] BLOCK: Importing request 1 ..
[08-Jun-2021 14:24:09 UTC] BLOCK: https://websitedemos.net/wp-json/astra-blocks/v1/blocks/?page_builder=gutenberg&per_page=100&page=1
[08-Jun-2021 14:24:09 UTC] BLOCK: Storing in option ast-block-templates-blocks-1
[08-Jun-2021 14:24:09 UTC] BLOCK: Completed request 1
[08-Jun-2021 14:24:09 UTC] BLOCK: Importing request 2 ..
[08-Jun-2021 14:24:09 UTC] BLOCK: https://websitedemos.net/wp-json/astra-blocks/v1/blocks/?page_builder=gutenberg&per_page=100&page=2
[08-Jun-2021 14:24:10 UTC] BLOCK: Storing in option ast-block-templates-blocks-2
[08-Jun-2021 14:24:10 UTC] BLOCK: Completed request 2
[08-Jun-2021 14:24:10 UTC] SITE: Getting Total Sites
[08-Jun-2021 14:24:10 UTC] SITE: https://websitedemos.net/wp-json/astra-sites/v1/get-total-pages/?page_builder=gutenberg
[08-Jun-2021 14:24:10 UTC] SITE: Request count 1
[08-Jun-2021 14:24:10 UTC] SITE: Importing request 1 ..
[08-Jun-2021 14:24:10 UTC] SITE: https://websitedemos.net/wp-json/astra-sites/v1/sites-and-pages/?per_page=100&page=1&page-builder=gutenberg
[08-Jun-2021 14:24:10 UTC] SITE: Storing in option ast-block-templates-sites-1
[08-Jun-2021 14:24:10 UTC] SITE: Completed request 1
[08-Jun-2021 14:24:10 UTC] Sync process for Gutenberg Blocks is done.
